                                      1 ;--------------------------------------------------------
                                      2 ; File Created by SDCC : free open source ANSI-C Compiler
                                      3 ; Version 4.0.0 #11528 (MINGW64)
                                      4 ;--------------------------------------------------------
                                      5 	.module HAL_UART1
                                      6 	.optsdcc -mstm8
                                      7 	
                                      8 ;--------------------------------------------------------
                                      9 ; Public variables in this module
                                     10 ;--------------------------------------------------------
                                     11 	.globl _UART1_DeInit
                                     12 	.globl _UART1_Init
                                     13 	.globl _UART1_Cmd
                                     14 	.globl _UART1_ITConfig
                                     15 	.globl _UART1_HalfDuplexCmd
                                     16 	.globl _UART1_IrDAConfig
                                     17 	.globl _UART1_IrDACmd
                                     18 	.globl _UART1_LINBreakDetectionConfig
                                     19 	.globl _UART1_LINCmd
                                     20 	.globl _UART1_SmartCardCmd
                                     21 	.globl _UART1_SmartCardNACKCmd
                                     22 	.globl _UART1_WakeUpConfig
                                     23 	.globl _UART1_ReceiverWakeUpCmd
                                     24 	.globl _UART1_ReceiveData8
                                     25 	.globl _UART1_ReceiveData9
                                     26 	.globl _UART1_SendData8
                                     27 	.globl _UART1_SendData9
                                     28 	.globl _UART1_SendBreak
                                     29 	.globl _UART1_SetAddress
                                     30 	.globl _UART1_SetGuardTime
                                     31 	.globl _UART1_SetPrescaler
                                     32 	.globl _UART1_GetFlagStatus
                                     33 	.globl _UART1_ClearFlag
                                     34 	.globl _UART1_GetITStatus
                                     35 	.globl _UART1_ClearITPendingBit
                                     36 ;--------------------------------------------------------
                                     37 ; ram data
                                     38 ;--------------------------------------------------------
                                     39 	.area DATA
                                     40 ;--------------------------------------------------------
                                     41 ; ram data
                                     42 ;--------------------------------------------------------
                                     43 	.area INITIALIZED
                                     44 ;--------------------------------------------------------
                                     45 ; absolute external ram data
                                     46 ;--------------------------------------------------------
                                     47 	.area DABS (ABS)
                                     48 
                                     49 ; default segment ordering for linker
                                     50 	.area HOME
                                     51 	.area GSINIT
                                     52 	.area GSFINAL
                                     53 	.area CONST
                                     54 	.area INITIALIZER
                                     55 	.area CODE
                                     56 
                                     57 ;--------------------------------------------------------
                                     58 ; global & static initialisations
                                     59 ;--------------------------------------------------------
                                     60 	.area HOME
                                     61 	.area GSINIT
                                     62 	.area GSFINAL
                                     63 	.area GSINIT
                                     64 ;--------------------------------------------------------
                                     65 ; Home
                                     66 ;--------------------------------------------------------
                                     67 	.area HOME
                                     68 	.area HOME
                                     69 ;--------------------------------------------------------
                                     70 ; code
                                     71 ;--------------------------------------------------------
                                     72 	.area CODE
                                     73 ;	HAL_UART1.c: 9: void UART1_DeInit(void)
                                     74 ;	-----------------------------------------
                                     75 ;	 function UART1_DeInit
                                     76 ;	-----------------------------------------
      000000                         77 _UART1_DeInit:
                                     78 ;	HAL_UART1.c: 13: (void)UART1->SR;
      000000 C6 52 30         [ 1]   79 	ld	a, 0x5230
                                     80 ;	HAL_UART1.c: 14: (void)UART1->DR;
      000003 C6 52 31         [ 1]   81 	ld	a, 0x5231
                                     82 ;	HAL_UART1.c: 16: UART1->BRR2 = UART1_BRR2_RESET_VALUE;  /* Set UART1_BRR2 to reset value 0x00 */
      000006 35 00 52 33      [ 1]   83 	mov	0x5233+0, #0x00
                                     84 ;	HAL_UART1.c: 17: UART1->BRR1 = UART1_BRR1_RESET_VALUE;  /* Set UART1_BRR1 to reset value 0x00 */
      00000A 35 00 52 32      [ 1]   85 	mov	0x5232+0, #0x00
                                     86 ;	HAL_UART1.c: 19: UART1->CR1 = UART1_CR1_RESET_VALUE;  /* Set UART1_CR1 to reset value 0x00 */
      00000E 35 00 52 34      [ 1]   87 	mov	0x5234+0, #0x00
                                     88 ;	HAL_UART1.c: 20: UART1->CR2 = UART1_CR2_RESET_VALUE;  /* Set UART1_CR2 to reset value 0x00 */
      000012 35 00 52 35      [ 1]   89 	mov	0x5235+0, #0x00
                                     90 ;	HAL_UART1.c: 21: UART1->CR3 = UART1_CR3_RESET_VALUE;  /* Set UART1_CR3 to reset value 0x00 */
      000016 35 00 52 36      [ 1]   91 	mov	0x5236+0, #0x00
                                     92 ;	HAL_UART1.c: 22: UART1->CR4 = UART1_CR4_RESET_VALUE;  /* Set UART1_CR4 to reset value 0x00 */
      00001A 35 00 52 37      [ 1]   93 	mov	0x5237+0, #0x00
                                     94 ;	HAL_UART1.c: 23: UART1->CR5 = UART1_CR5_RESET_VALUE;  /* Set UART1_CR5 to reset value 0x00 */
      00001E 35 00 52 38      [ 1]   95 	mov	0x5238+0, #0x00
                                     96 ;	HAL_UART1.c: 25: UART1->GTR = UART1_GTR_RESET_VALUE;
      000022 35 00 52 39      [ 1]   97 	mov	0x5239+0, #0x00
                                     98 ;	HAL_UART1.c: 26: UART1->PSCR = UART1_PSCR_RESET_VALUE;
      000026 35 00 52 3A      [ 1]   99 	mov	0x523a+0, #0x00
                                    100 ;	HAL_UART1.c: 27: }
      00002A 81               [ 4]  101 	ret
                                    102 ;	HAL_UART1.c: 29: void UART1_Init(uint32_t BaudRate, UART1_WordLength_TypeDef WordLength,
                                    103 ;	-----------------------------------------
                                    104 ;	 function UART1_Init
                                    105 ;	-----------------------------------------
      00002B                        106 _UART1_Init:
      00002B 52 11            [ 2]  107 	sub	sp, #17
                                    108 ;	HAL_UART1.c: 36: UART1->CR1 &= (uint8_t)(~UART1_CR1_M);
      00002D 72 19 52 34      [ 1]  109 	bres	21044, #4
                                    110 ;	HAL_UART1.c: 39: UART1->CR1 |= (uint8_t)WordLength;
      000031 C6 52 34         [ 1]  111 	ld	a, 0x5234
      000034 1A 18            [ 1]  112 	or	a, (0x18, sp)
      000036 C7 52 34         [ 1]  113 	ld	0x5234, a
                                    114 ;	HAL_UART1.c: 42: UART1->CR3 &= (uint8_t)(~UART1_CR3_STOP);
      000039 C6 52 36         [ 1]  115 	ld	a, 0x5236
      00003C A4 CF            [ 1]  116 	and	a, #0xcf
      00003E C7 52 36         [ 1]  117 	ld	0x5236, a
                                    118 ;	HAL_UART1.c: 44: UART1->CR3 |= (uint8_t)StopBits;
      000041 C6 52 36         [ 1]  119 	ld	a, 0x5236
      000044 1A 19            [ 1]  120 	or	a, (0x19, sp)
      000046 C7 52 36         [ 1]  121 	ld	0x5236, a
                                    122 ;	HAL_UART1.c: 47: UART1->CR1 &= (uint8_t)(~(UART1_CR1_PCEN | UART1_CR1_PS));
      000049 C6 52 34         [ 1]  123 	ld	a, 0x5234
      00004C A4 F9            [ 1]  124 	and	a, #0xf9
      00004E C7 52 34         [ 1]  125 	ld	0x5234, a
                                    126 ;	HAL_UART1.c: 49: UART1->CR1 |= (uint8_t)Parity;
      000051 C6 52 34         [ 1]  127 	ld	a, 0x5234
      000054 1A 1A            [ 1]  128 	or	a, (0x1a, sp)
      000056 C7 52 34         [ 1]  129 	ld	0x5234, a
                                    130 ;	HAL_UART1.c: 52: UART1->BRR1 &= (uint8_t)(~UART1_BRR1_DIVM);
      000059 C6 52 32         [ 1]  131 	ld	a, 0x5232
      00005C 35 00 52 32      [ 1]  132 	mov	0x5232+0, #0x00
                                    133 ;	HAL_UART1.c: 54: UART1->BRR2 &= (uint8_t)(~UART1_BRR2_DIVM);
      000060 C6 52 33         [ 1]  134 	ld	a, 0x5233
      000063 A4 0F            [ 1]  135 	and	a, #0x0f
      000065 C7 52 33         [ 1]  136 	ld	0x5233, a
                                    137 ;	HAL_UART1.c: 56: UART1->BRR2 &= (uint8_t)(~UART1_BRR2_DIVF);
      000068 C6 52 33         [ 1]  138 	ld	a, 0x5233
      00006B A4 F0            [ 1]  139 	and	a, #0xf0
      00006D C7 52 33         [ 1]  140 	ld	0x5233, a
                                    141 ;	HAL_UART1.c: 59: BaudRate_Mantissa = ((uint32_t)CLK_GetClockFreq() / (BaudRate << 4));
      000070 CDr00r00         [ 4]  142 	call	_CLK_GetClockFreq
      000073 1F 10            [ 2]  143 	ldw	(0x10, sp), x
      000075 90 5F            [ 1]  144 	clrw	y
      000077 0D 10            [ 1]  145 	tnz	(0x10, sp)
      000079 2A 02            [ 1]  146 	jrpl	00127$
      00007B 90 5A            [ 2]  147 	decw	y
      00007D                        148 00127$:
      00007D 1E 14            [ 2]  149 	ldw	x, (0x14, sp)
      00007F 1F 0A            [ 2]  150 	ldw	(0x0a, sp), x
      000081 1E 16            [ 2]  151 	ldw	x, (0x16, sp)
      000083 A6 04            [ 1]  152 	ld	a, #0x04
      000085                        153 00128$:
      000085 58               [ 2]  154 	sllw	x
      000086 09 0B            [ 1]  155 	rlc	(0x0b, sp)
      000088 09 0A            [ 1]  156 	rlc	(0x0a, sp)
      00008A 4A               [ 1]  157 	dec	a
      00008B 26 F8            [ 1]  158 	jrne	00128$
      00008D 1F 0C            [ 2]  159 	ldw	(0x0c, sp), x
      00008F 89               [ 2]  160 	pushw	x
      000090 1E 0C            [ 2]  161 	ldw	x, (0x0c, sp)
      000092 89               [ 2]  162 	pushw	x
      000093 1E 14            [ 2]  163 	ldw	x, (0x14, sp)
      000095 89               [ 2]  164 	pushw	x
      000096 90 89            [ 2]  165 	pushw	y
      000098 CDr00r00         [ 4]  166 	call	__divulong
      00009B 5B 08            [ 2]  167 	addw	sp, #8
      00009D 1F 03            [ 2]  168 	ldw	(0x03, sp), x
      00009F 17 01            [ 2]  169 	ldw	(0x01, sp), y
                                    170 ;	HAL_UART1.c: 60: BaudRate_Mantissa100 = (((uint32_t)CLK_GetClockFreq() * 100) / (BaudRate << 4));
      0000A1 CDr00r00         [ 4]  171 	call	_CLK_GetClockFreq
      0000A4 90 5F            [ 1]  172 	clrw	y
      0000A6 5D               [ 2]  173 	tnzw	x
      0000A7 2A 02            [ 1]  174 	jrpl	00130$
      0000A9 90 5A            [ 2]  175 	decw	y
      0000AB                        176 00130$:
      0000AB 89               [ 2]  177 	pushw	x
      0000AC 90 89            [ 2]  178 	pushw	y
      0000AE 4B 64            [ 1]  179 	push	#0x64
      0000B0 5F               [ 1]  180 	clrw	x
      0000B1 89               [ 2]  181 	pushw	x
      0000B2 4B 00            [ 1]  182 	push	#0x00
      0000B4 CDr00r00         [ 4]  183 	call	__mullong
      0000B7 5B 08            [ 2]  184 	addw	sp, #8
      0000B9 1F 10            [ 2]  185 	ldw	(0x10, sp), x
      0000BB 1E 0C            [ 2]  186 	ldw	x, (0x0c, sp)
      0000BD 89               [ 2]  187 	pushw	x
      0000BE 1E 0C            [ 2]  188 	ldw	x, (0x0c, sp)
      0000C0 89               [ 2]  189 	pushw	x
      0000C1 1E 14            [ 2]  190 	ldw	x, (0x14, sp)
      0000C3 89               [ 2]  191 	pushw	x
      0000C4 90 89            [ 2]  192 	pushw	y
      0000C6 CDr00r00         [ 4]  193 	call	__divulong
      0000C9 5B 08            [ 2]  194 	addw	sp, #8
      0000CB 1F 07            [ 2]  195 	ldw	(0x07, sp), x
      0000CD 17 05            [ 2]  196 	ldw	(0x05, sp), y
                                    197 ;	HAL_UART1.c: 62: UART1->BRR2 |= (uint8_t)((uint8_t)(((BaudRate_Mantissa100 - (BaudRate_Mantissa * 100)) << 4) / 100) & (uint8_t)0x0F);
      0000CF C6 52 33         [ 1]  198 	ld	a, 0x5233
      0000D2 6B 09            [ 1]  199 	ld	(0x09, sp), a
      0000D4 1E 03            [ 2]  200 	ldw	x, (0x03, sp)
      0000D6 89               [ 2]  201 	pushw	x
      0000D7 1E 03            [ 2]  202 	ldw	x, (0x03, sp)
      0000D9 89               [ 2]  203 	pushw	x
      0000DA 4B 64            [ 1]  204 	push	#0x64
      0000DC 5F               [ 1]  205 	clrw	x
      0000DD 89               [ 2]  206 	pushw	x
      0000DE 4B 00            [ 1]  207 	push	#0x00
      0000E0 CDr00r00         [ 4]  208 	call	__mullong
      0000E3 5B 08            [ 2]  209 	addw	sp, #8
      0000E5 1F 0C            [ 2]  210 	ldw	(0x0c, sp), x
      0000E7 17 0A            [ 2]  211 	ldw	(0x0a, sp), y
      0000E9 1E 07            [ 2]  212 	ldw	x, (0x07, sp)
      0000EB 72 F0 0C         [ 2]  213 	subw	x, (0x0c, sp)
      0000EE 1F 10            [ 2]  214 	ldw	(0x10, sp), x
      0000F0 7B 06            [ 1]  215 	ld	a, (0x06, sp)
      0000F2 12 0B            [ 1]  216 	sbc	a, (0x0b, sp)
      0000F4 6B 0F            [ 1]  217 	ld	(0x0f, sp), a
      0000F6 7B 05            [ 1]  218 	ld	a, (0x05, sp)
      0000F8 12 0A            [ 1]  219 	sbc	a, (0x0a, sp)
      0000FA 6B 0E            [ 1]  220 	ld	(0x0e, sp), a
      0000FC 1E 10            [ 2]  221 	ldw	x, (0x10, sp)
      0000FE 16 0E            [ 2]  222 	ldw	y, (0x0e, sp)
      000100 A6 04            [ 1]  223 	ld	a, #0x04
      000102                        224 00131$:
      000102 58               [ 2]  225 	sllw	x
      000103 90 59            [ 2]  226 	rlcw	y
      000105 4A               [ 1]  227 	dec	a
      000106 26 FA            [ 1]  228 	jrne	00131$
      000108 4B 64            [ 1]  229 	push	#0x64
      00010A 4B 00            [ 1]  230 	push	#0x00
      00010C 4B 00            [ 1]  231 	push	#0x00
      00010E 4B 00            [ 1]  232 	push	#0x00
      000110 89               [ 2]  233 	pushw	x
      000111 90 89            [ 2]  234 	pushw	y
      000113 CDr00r00         [ 4]  235 	call	__divulong
      000116 5B 08            [ 2]  236 	addw	sp, #8
      000118 9F               [ 1]  237 	ld	a, xl
      000119 A4 0F            [ 1]  238 	and	a, #0x0f
      00011B 1A 09            [ 1]  239 	or	a, (0x09, sp)
      00011D C7 52 33         [ 1]  240 	ld	0x5233, a
                                    241 ;	HAL_UART1.c: 64: UART1->BRR2 |= (uint8_t)((BaudRate_Mantissa >> 4) & (uint8_t)0xF0);
      000120 C6 52 33         [ 1]  242 	ld	a, 0x5233
      000123 6B 11            [ 1]  243 	ld	(0x11, sp), a
      000125 1E 03            [ 2]  244 	ldw	x, (0x03, sp)
      000127 A6 10            [ 1]  245 	ld	a, #0x10
      000129 62               [ 2]  246 	div	x, a
      00012A 9F               [ 1]  247 	ld	a, xl
      00012B A4 F0            [ 1]  248 	and	a, #0xf0
      00012D 1A 11            [ 1]  249 	or	a, (0x11, sp)
      00012F C7 52 33         [ 1]  250 	ld	0x5233, a
                                    251 ;	HAL_UART1.c: 66: UART1->BRR1 |= (uint8_t)BaudRate_Mantissa;
      000132 C6 52 32         [ 1]  252 	ld	a, 0x5232
      000135 6B 11            [ 1]  253 	ld	(0x11, sp), a
      000137 7B 04            [ 1]  254 	ld	a, (0x04, sp)
      000139 1A 11            [ 1]  255 	or	a, (0x11, sp)
      00013B C7 52 32         [ 1]  256 	ld	0x5232, a
                                    257 ;	HAL_UART1.c: 69: UART1->CR2 &= (uint8_t)~(UART1_CR2_TEN | UART1_CR2_REN);
      00013E C6 52 35         [ 1]  258 	ld	a, 0x5235
      000141 A4 F3            [ 1]  259 	and	a, #0xf3
      000143 C7 52 35         [ 1]  260 	ld	0x5235, a
                                    261 ;	HAL_UART1.c: 71: UART1->CR3 &= (uint8_t)~(UART1_CR3_CPOL | UART1_CR3_CPHA | UART1_CR3_LBCL);
      000146 C6 52 36         [ 1]  262 	ld	a, 0x5236
      000149 A4 F8            [ 1]  263 	and	a, #0xf8
      00014B C7 52 36         [ 1]  264 	ld	0x5236, a
                                    265 ;	HAL_UART1.c: 73: UART1->CR3 |= (uint8_t)((uint8_t)SyncMode & (uint8_t)(UART1_CR3_CPOL |
      00014E C6 52 36         [ 1]  266 	ld	a, 0x5236
      000151 6B 11            [ 1]  267 	ld	(0x11, sp), a
      000153 7B 1B            [ 1]  268 	ld	a, (0x1b, sp)
      000155 A4 07            [ 1]  269 	and	a, #0x07
      000157 1A 11            [ 1]  270 	or	a, (0x11, sp)
      000159 C7 52 36         [ 1]  271 	ld	0x5236, a
                                    272 ;	HAL_UART1.c: 69: UART1->CR2 &= (uint8_t)~(UART1_CR2_TEN | UART1_CR2_REN);
      00015C C6 52 35         [ 1]  273 	ld	a, 0x5235
                                    274 ;	HAL_UART1.c: 76: if ((uint8_t)(Mode & UART1_MODE_TX_ENABLE))
      00015F 88               [ 1]  275 	push	a
      000160 7B 1D            [ 1]  276 	ld	a, (0x1d, sp)
      000162 A5 04            [ 1]  277 	bcp	a, #0x04
      000164 84               [ 1]  278 	pop	a
      000165 27 07            [ 1]  279 	jreq	00102$
                                    280 ;	HAL_UART1.c: 79: UART1->CR2 |= (uint8_t)UART1_CR2_TEN;
      000167 AA 08            [ 1]  281 	or	a, #0x08
      000169 C7 52 35         [ 1]  282 	ld	0x5235, a
      00016C 20 05            [ 2]  283 	jra	00103$
      00016E                        284 00102$:
                                    285 ;	HAL_UART1.c: 84: UART1->CR2 &= (uint8_t)(~UART1_CR2_TEN);
      00016E A4 F7            [ 1]  286 	and	a, #0xf7
      000170 C7 52 35         [ 1]  287 	ld	0x5235, a
      000173                        288 00103$:
                                    289 ;	HAL_UART1.c: 69: UART1->CR2 &= (uint8_t)~(UART1_CR2_TEN | UART1_CR2_REN);
      000173 C6 52 35         [ 1]  290 	ld	a, 0x5235
                                    291 ;	HAL_UART1.c: 86: if ((uint8_t)(Mode & UART1_MODE_RX_ENABLE))
      000176 88               [ 1]  292 	push	a
      000177 7B 1D            [ 1]  293 	ld	a, (0x1d, sp)
      000179 A5 08            [ 1]  294 	bcp	a, #0x08
      00017B 84               [ 1]  295 	pop	a
      00017C 27 07            [ 1]  296 	jreq	00105$
                                    297 ;	HAL_UART1.c: 89: UART1->CR2 |= (uint8_t)UART1_CR2_REN;
      00017E AA 04            [ 1]  298 	or	a, #0x04
      000180 C7 52 35         [ 1]  299 	ld	0x5235, a
      000183 20 05            [ 2]  300 	jra	00106$
      000185                        301 00105$:
                                    302 ;	HAL_UART1.c: 94: UART1->CR2 &= (uint8_t)(~UART1_CR2_REN);
      000185 A4 FB            [ 1]  303 	and	a, #0xfb
      000187 C7 52 35         [ 1]  304 	ld	0x5235, a
      00018A                        305 00106$:
                                    306 ;	HAL_UART1.c: 42: UART1->CR3 &= (uint8_t)(~UART1_CR3_STOP);
      00018A C6 52 36         [ 1]  307 	ld	a, 0x5236
                                    308 ;	HAL_UART1.c: 98: if ((uint8_t)(SyncMode & UART1_SYNCMODE_CLOCK_DISABLE))
      00018D 0D 1B            [ 1]  309 	tnz	(0x1b, sp)
      00018F 2A 07            [ 1]  310 	jrpl	00108$
                                    311 ;	HAL_UART1.c: 101: UART1->CR3 &= (uint8_t)(~UART1_CR3_CKEN);
      000191 A4 F7            [ 1]  312 	and	a, #0xf7
      000193 C7 52 36         [ 1]  313 	ld	0x5236, a
      000196 20 0D            [ 2]  314 	jra	00110$
      000198                        315 00108$:
                                    316 ;	HAL_UART1.c: 105: UART1->CR3 |= (uint8_t)((uint8_t)SyncMode & UART1_CR3_CKEN);
      000198 88               [ 1]  317 	push	a
      000199 7B 1C            [ 1]  318 	ld	a, (0x1c, sp)
      00019B A4 08            [ 1]  319 	and	a, #0x08
      00019D 6B 12            [ 1]  320 	ld	(0x12, sp), a
      00019F 84               [ 1]  321 	pop	a
      0001A0 1A 11            [ 1]  322 	or	a, (0x11, sp)
      0001A2 C7 52 36         [ 1]  323 	ld	0x5236, a
      0001A5                        324 00110$:
                                    325 ;	HAL_UART1.c: 107: }
      0001A5 5B 11            [ 2]  326 	addw	sp, #17
      0001A7 81               [ 4]  327 	ret
                                    328 ;	HAL_UART1.c: 115: void UART1_Cmd(uint8_t NewState)
                                    329 ;	-----------------------------------------
                                    330 ;	 function UART1_Cmd
                                    331 ;	-----------------------------------------
      0001A8                        332 _UART1_Cmd:
                                    333 ;	HAL_UART1.c: 120: UART1->CR1 &= (uint8_t)(~UART1_CR1_UARTD);
      0001A8 C6 52 34         [ 1]  334 	ld	a, 0x5234
                                    335 ;	HAL_UART1.c: 117: if (NewState != 0)
      0001AB 0D 03            [ 1]  336 	tnz	(0x03, sp)
      0001AD 27 06            [ 1]  337 	jreq	00102$
                                    338 ;	HAL_UART1.c: 120: UART1->CR1 &= (uint8_t)(~UART1_CR1_UARTD);
      0001AF A4 DF            [ 1]  339 	and	a, #0xdf
      0001B1 C7 52 34         [ 1]  340 	ld	0x5234, a
      0001B4 81               [ 4]  341 	ret
      0001B5                        342 00102$:
                                    343 ;	HAL_UART1.c: 125: UART1->CR1 |= UART1_CR1_UARTD;
      0001B5 AA 20            [ 1]  344 	or	a, #0x20
      0001B7 C7 52 34         [ 1]  345 	ld	0x5234, a
                                    346 ;	HAL_UART1.c: 127: }
      0001BA 81               [ 4]  347 	ret
                                    348 ;	HAL_UART1.c: 143: void UART1_ITConfig(UART1_IT_TypeDef UART1_IT, uint8_t NewState)
                                    349 ;	-----------------------------------------
                                    350 ;	 function UART1_ITConfig
                                    351 ;	-----------------------------------------
      0001BB                        352 _UART1_ITConfig:
      0001BB 52 02            [ 2]  353 	sub	sp, #2
                                    354 ;	HAL_UART1.c: 148: uartreg = (uint8_t)((uint16_t)UART1_IT >> 0x08);
      0001BD 1E 05            [ 2]  355 	ldw	x, (0x05, sp)
                                    356 ;	HAL_UART1.c: 150: itpos = (uint8_t)((uint8_t)1 << (uint8_t)((uint8_t)UART1_IT & (uint8_t)0x0F));
      0001BF 7B 06            [ 1]  357 	ld	a, (0x06, sp)
      0001C1 A4 0F            [ 1]  358 	and	a, #0x0f
      0001C3 88               [ 1]  359 	push	a
      0001C4 A6 01            [ 1]  360 	ld	a, #0x01
      0001C6 6B 03            [ 1]  361 	ld	(0x03, sp), a
      0001C8 84               [ 1]  362 	pop	a
      0001C9 4D               [ 1]  363 	tnz	a
      0001CA 27 05            [ 1]  364 	jreq	00144$
      0001CC                        365 00143$:
      0001CC 08 02            [ 1]  366 	sll	(0x02, sp)
      0001CE 4A               [ 1]  367 	dec	a
      0001CF 26 FB            [ 1]  368 	jrne	00143$
      0001D1                        369 00144$:
                                    370 ;	HAL_UART1.c: 155: if (uartreg == 0x01)
      0001D1 9E               [ 1]  371 	ld	a, xh
      0001D2 4A               [ 1]  372 	dec	a
      0001D3 26 05            [ 1]  373 	jrne	00146$
      0001D5 A6 01            [ 1]  374 	ld	a, #0x01
      0001D7 6B 01            [ 1]  375 	ld	(0x01, sp), a
      0001D9 C5                     376 	.byte 0xc5
      0001DA                        377 00146$:
      0001DA 0F 01            [ 1]  378 	clr	(0x01, sp)
      0001DC                        379 00147$:
                                    380 ;	HAL_UART1.c: 159: else if (uartreg == 0x02)
      0001DC 9E               [ 1]  381 	ld	a, xh
      0001DD A0 02            [ 1]  382 	sub	a, #0x02
      0001DF 26 02            [ 1]  383 	jrne	00149$
      0001E1 4C               [ 1]  384 	inc	a
      0001E2 21                     385 	.byte 0x21
      0001E3                        386 00149$:
      0001E3 4F               [ 1]  387 	clr	a
      0001E4                        388 00150$:
                                    389 ;	HAL_UART1.c: 152: if (NewState != 0)
      0001E4 0D 07            [ 1]  390 	tnz	(0x07, sp)
      0001E6 27 25            [ 1]  391 	jreq	00114$
                                    392 ;	HAL_UART1.c: 155: if (uartreg == 0x01)
      0001E8 0D 01            [ 1]  393 	tnz	(0x01, sp)
      0001EA 27 0A            [ 1]  394 	jreq	00105$
                                    395 ;	HAL_UART1.c: 157: UART1->CR1 |= itpos;
      0001EC C6 52 34         [ 1]  396 	ld	a, 0x5234
      0001EF 1A 02            [ 1]  397 	or	a, (0x02, sp)
      0001F1 C7 52 34         [ 1]  398 	ld	0x5234, a
      0001F4 20 3C            [ 2]  399 	jra	00116$
      0001F6                        400 00105$:
                                    401 ;	HAL_UART1.c: 159: else if (uartreg == 0x02)
      0001F6 4D               [ 1]  402 	tnz	a
      0001F7 27 0A            [ 1]  403 	jreq	00102$
                                    404 ;	HAL_UART1.c: 161: UART1->CR2 |= itpos;
      0001F9 C6 52 35         [ 1]  405 	ld	a, 0x5235
      0001FC 1A 02            [ 1]  406 	or	a, (0x02, sp)
      0001FE C7 52 35         [ 1]  407 	ld	0x5235, a
      000201 20 2F            [ 2]  408 	jra	00116$
      000203                        409 00102$:
                                    410 ;	HAL_UART1.c: 165: UART1->CR4 |= itpos;
      000203 C6 52 37         [ 1]  411 	ld	a, 0x5237
      000206 1A 02            [ 1]  412 	or	a, (0x02, sp)
      000208 C7 52 37         [ 1]  413 	ld	0x5237, a
      00020B 20 25            [ 2]  414 	jra	00116$
      00020D                        415 00114$:
                                    416 ;	HAL_UART1.c: 173: UART1->CR1 &= (uint8_t)(~itpos);
      00020D 03 02            [ 1]  417 	cpl	(0x02, sp)
                                    418 ;	HAL_UART1.c: 171: if (uartreg == 0x01)
      00020F 0D 01            [ 1]  419 	tnz	(0x01, sp)
      000211 27 0A            [ 1]  420 	jreq	00111$
                                    421 ;	HAL_UART1.c: 173: UART1->CR1 &= (uint8_t)(~itpos);
      000213 C6 52 34         [ 1]  422 	ld	a, 0x5234
      000216 14 02            [ 1]  423 	and	a, (0x02, sp)
      000218 C7 52 34         [ 1]  424 	ld	0x5234, a
      00021B 20 15            [ 2]  425 	jra	00116$
      00021D                        426 00111$:
                                    427 ;	HAL_UART1.c: 175: else if (uartreg == 0x02)
      00021D 4D               [ 1]  428 	tnz	a
      00021E 27 0A            [ 1]  429 	jreq	00108$
                                    430 ;	HAL_UART1.c: 177: UART1->CR2 &= (uint8_t)(~itpos);
      000220 C6 52 35         [ 1]  431 	ld	a, 0x5235
      000223 14 02            [ 1]  432 	and	a, (0x02, sp)
      000225 C7 52 35         [ 1]  433 	ld	0x5235, a
      000228 20 08            [ 2]  434 	jra	00116$
      00022A                        435 00108$:
                                    436 ;	HAL_UART1.c: 181: UART1->CR4 &= (uint8_t)(~itpos);
      00022A C6 52 37         [ 1]  437 	ld	a, 0x5237
      00022D 14 02            [ 1]  438 	and	a, (0x02, sp)
      00022F C7 52 37         [ 1]  439 	ld	0x5237, a
      000232                        440 00116$:
                                    441 ;	HAL_UART1.c: 185: }
      000232 5B 02            [ 2]  442 	addw	sp, #2
      000234 81               [ 4]  443 	ret
                                    444 ;	HAL_UART1.c: 192: void UART1_HalfDuplexCmd(uint8_t NewState)
                                    445 ;	-----------------------------------------
                                    446 ;	 function UART1_HalfDuplexCmd
                                    447 ;	-----------------------------------------
      000235                        448 _UART1_HalfDuplexCmd:
                                    449 ;	HAL_UART1.c: 197: UART1->CR5 |= UART1_CR5_HDSEL;  /**< UART1 Half Duplex Enable  */
      000235 C6 52 38         [ 1]  450 	ld	a, 0x5238
                                    451 ;	HAL_UART1.c: 195: if (NewState != 0)
      000238 0D 03            [ 1]  452 	tnz	(0x03, sp)
      00023A 27 06            [ 1]  453 	jreq	00102$
                                    454 ;	HAL_UART1.c: 197: UART1->CR5 |= UART1_CR5_HDSEL;  /**< UART1 Half Duplex Enable  */
      00023C AA 08            [ 1]  455 	or	a, #0x08
      00023E C7 52 38         [ 1]  456 	ld	0x5238, a
      000241 81               [ 4]  457 	ret
      000242                        458 00102$:
                                    459 ;	HAL_UART1.c: 201: UART1->CR5 &= (uint8_t)~UART1_CR5_HDSEL; /**< UART1 Half Duplex Disable */
      000242 A4 F7            [ 1]  460 	and	a, #0xf7
      000244 C7 52 38         [ 1]  461 	ld	0x5238, a
                                    462 ;	HAL_UART1.c: 203: }
      000247 81               [ 4]  463 	ret
                                    464 ;	HAL_UART1.c: 211: void UART1_IrDAConfig(UART1_IrDAMode_TypeDef UART1_IrDAMode)
                                    465 ;	-----------------------------------------
                                    466 ;	 function UART1_IrDAConfig
                                    467 ;	-----------------------------------------
      000248                        468 _UART1_IrDAConfig:
                                    469 ;	HAL_UART1.c: 216: UART1->CR5 |= UART1_CR5_IRLP;
      000248 C6 52 38         [ 1]  470 	ld	a, 0x5238
                                    471 ;	HAL_UART1.c: 214: if (UART1_IrDAMode != UART1_IRDAMODE_NORMAL)
      00024B 0D 03            [ 1]  472 	tnz	(0x03, sp)
      00024D 27 06            [ 1]  473 	jreq	00102$
                                    474 ;	HAL_UART1.c: 216: UART1->CR5 |= UART1_CR5_IRLP;
      00024F AA 04            [ 1]  475 	or	a, #0x04
      000251 C7 52 38         [ 1]  476 	ld	0x5238, a
      000254 81               [ 4]  477 	ret
      000255                        478 00102$:
                                    479 ;	HAL_UART1.c: 220: UART1->CR5 &= ((uint8_t)~UART1_CR5_IRLP);
      000255 A4 FB            [ 1]  480 	and	a, #0xfb
      000257 C7 52 38         [ 1]  481 	ld	0x5238, a
                                    482 ;	HAL_UART1.c: 222: }
      00025A 81               [ 4]  483 	ret
                                    484 ;	HAL_UART1.c: 230: void UART1_IrDACmd(uint8_t NewState)
                                    485 ;	-----------------------------------------
                                    486 ;	 function UART1_IrDACmd
                                    487 ;	-----------------------------------------
      00025B                        488 _UART1_IrDACmd:
                                    489 ;	HAL_UART1.c: 237: UART1->CR5 |= UART1_CR5_IREN;
      00025B C6 52 38         [ 1]  490 	ld	a, 0x5238
                                    491 ;	HAL_UART1.c: 234: if (NewState != 0)
      00025E 0D 03            [ 1]  492 	tnz	(0x03, sp)
      000260 27 06            [ 1]  493 	jreq	00102$
                                    494 ;	HAL_UART1.c: 237: UART1->CR5 |= UART1_CR5_IREN;
      000262 AA 02            [ 1]  495 	or	a, #0x02
      000264 C7 52 38         [ 1]  496 	ld	0x5238, a
      000267 81               [ 4]  497 	ret
      000268                        498 00102$:
                                    499 ;	HAL_UART1.c: 242: UART1->CR5 &= ((uint8_t)~UART1_CR5_IREN);
      000268 A4 FD            [ 1]  500 	and	a, #0xfd
      00026A C7 52 38         [ 1]  501 	ld	0x5238, a
                                    502 ;	HAL_UART1.c: 244: }
      00026D 81               [ 4]  503 	ret
                                    504 ;	HAL_UART1.c: 253: void UART1_LINBreakDetectionConfig(UART1_LINBreakDetectionLength_TypeDef UART1_LINBreakDetectionLength)
                                    505 ;	-----------------------------------------
                                    506 ;	 function UART1_LINBreakDetectionConfig
                                    507 ;	-----------------------------------------
      00026E                        508 _UART1_LINBreakDetectionConfig:
                                    509 ;	HAL_UART1.c: 258: UART1->CR4 |= UART1_CR4_LBDL;
      00026E C6 52 37         [ 1]  510 	ld	a, 0x5237
                                    511 ;	HAL_UART1.c: 256: if (UART1_LINBreakDetectionLength != UART1_LINBREAKDETECTIONLENGTH_10BITS)
      000271 0D 03            [ 1]  512 	tnz	(0x03, sp)
      000273 27 06            [ 1]  513 	jreq	00102$
                                    514 ;	HAL_UART1.c: 258: UART1->CR4 |= UART1_CR4_LBDL;
      000275 AA 20            [ 1]  515 	or	a, #0x20
      000277 C7 52 37         [ 1]  516 	ld	0x5237, a
      00027A 81               [ 4]  517 	ret
      00027B                        518 00102$:
                                    519 ;	HAL_UART1.c: 262: UART1->CR4 &= ((uint8_t)~UART1_CR4_LBDL);
      00027B A4 DF            [ 1]  520 	and	a, #0xdf
      00027D C7 52 37         [ 1]  521 	ld	0x5237, a
                                    522 ;	HAL_UART1.c: 264: }
      000280 81               [ 4]  523 	ret
                                    524 ;	HAL_UART1.c: 272: void UART1_LINCmd(uint8_t NewState)
                                    525 ;	-----------------------------------------
                                    526 ;	 function UART1_LINCmd
                                    527 ;	-----------------------------------------
      000281                        528 _UART1_LINCmd:
                                    529 ;	HAL_UART1.c: 278: UART1->CR3 |= UART1_CR3_LINEN;
      000281 C6 52 36         [ 1]  530 	ld	a, 0x5236
                                    531 ;	HAL_UART1.c: 275: if (NewState != 0)
      000284 0D 03            [ 1]  532 	tnz	(0x03, sp)
      000286 27 06            [ 1]  533 	jreq	00102$
                                    534 ;	HAL_UART1.c: 278: UART1->CR3 |= UART1_CR3_LINEN;
      000288 AA 40            [ 1]  535 	or	a, #0x40
      00028A C7 52 36         [ 1]  536 	ld	0x5236, a
      00028D 81               [ 4]  537 	ret
      00028E                        538 00102$:
                                    539 ;	HAL_UART1.c: 283: UART1->CR3 &= ((uint8_t)~UART1_CR3_LINEN);
      00028E A4 BF            [ 1]  540 	and	a, #0xbf
      000290 C7 52 36         [ 1]  541 	ld	0x5236, a
                                    542 ;	HAL_UART1.c: 285: }
      000293 81               [ 4]  543 	ret
                                    544 ;	HAL_UART1.c: 292: void UART1_SmartCardCmd(uint8_t NewState)
                                    545 ;	-----------------------------------------
                                    546 ;	 function UART1_SmartCardCmd
                                    547 ;	-----------------------------------------
      000294                        548 _UART1_SmartCardCmd:
                                    549 ;	HAL_UART1.c: 298: UART1->CR5 |= UART1_CR5_SCEN;
      000294 C6 52 38         [ 1]  550 	ld	a, 0x5238
                                    551 ;	HAL_UART1.c: 295: if (NewState != 0)
      000297 0D 03            [ 1]  552 	tnz	(0x03, sp)
      000299 27 06            [ 1]  553 	jreq	00102$
                                    554 ;	HAL_UART1.c: 298: UART1->CR5 |= UART1_CR5_SCEN;
      00029B AA 20            [ 1]  555 	or	a, #0x20
      00029D C7 52 38         [ 1]  556 	ld	0x5238, a
      0002A0 81               [ 4]  557 	ret
      0002A1                        558 00102$:
                                    559 ;	HAL_UART1.c: 303: UART1->CR5 &= ((uint8_t)(~UART1_CR5_SCEN));
      0002A1 A4 DF            [ 1]  560 	and	a, #0xdf
      0002A3 C7 52 38         [ 1]  561 	ld	0x5238, a
                                    562 ;	HAL_UART1.c: 305: }
      0002A6 81               [ 4]  563 	ret
                                    564 ;	HAL_UART1.c: 314: void UART1_SmartCardNACKCmd(uint8_t NewState)
                                    565 ;	-----------------------------------------
                                    566 ;	 function UART1_SmartCardNACKCmd
                                    567 ;	-----------------------------------------
      0002A7                        568 _UART1_SmartCardNACKCmd:
                                    569 ;	HAL_UART1.c: 320: UART1->CR5 |= UART1_CR5_NACK;
      0002A7 C6 52 38         [ 1]  570 	ld	a, 0x5238
                                    571 ;	HAL_UART1.c: 317: if (NewState != 0)
      0002AA 0D 03            [ 1]  572 	tnz	(0x03, sp)
      0002AC 27 06            [ 1]  573 	jreq	00102$
                                    574 ;	HAL_UART1.c: 320: UART1->CR5 |= UART1_CR5_NACK;
      0002AE AA 10            [ 1]  575 	or	a, #0x10
      0002B0 C7 52 38         [ 1]  576 	ld	0x5238, a
      0002B3 81               [ 4]  577 	ret
      0002B4                        578 00102$:
                                    579 ;	HAL_UART1.c: 325: UART1->CR5 &= ((uint8_t)~(UART1_CR5_NACK));
      0002B4 A4 EF            [ 1]  580 	and	a, #0xef
      0002B6 C7 52 38         [ 1]  581 	ld	0x5238, a
                                    582 ;	HAL_UART1.c: 327: }
      0002B9 81               [ 4]  583 	ret
                                    584 ;	HAL_UART1.c: 335: void UART1_WakeUpConfig(UART1_WakeUp_TypeDef UART1_WakeUp)
                                    585 ;	-----------------------------------------
                                    586 ;	 function UART1_WakeUpConfig
                                    587 ;	-----------------------------------------
      0002BA                        588 _UART1_WakeUpConfig:
                                    589 ;	HAL_UART1.c: 338: UART1->CR1 &= ((uint8_t)~UART1_CR1_WAKE);
      0002BA 72 17 52 34      [ 1]  590 	bres	21044, #3
                                    591 ;	HAL_UART1.c: 339: UART1->CR1 |= (uint8_t)UART1_WakeUp;
      0002BE C6 52 34         [ 1]  592 	ld	a, 0x5234
      0002C1 1A 03            [ 1]  593 	or	a, (0x03, sp)
      0002C3 C7 52 34         [ 1]  594 	ld	0x5234, a
                                    595 ;	HAL_UART1.c: 340: }
      0002C6 81               [ 4]  596 	ret
                                    597 ;	HAL_UART1.c: 347: void UART1_ReceiverWakeUpCmd(uint8_t NewState)
                                    598 ;	-----------------------------------------
                                    599 ;	 function UART1_ReceiverWakeUpCmd
                                    600 ;	-----------------------------------------
      0002C7                        601 _UART1_ReceiverWakeUpCmd:
                                    602 ;	HAL_UART1.c: 353: UART1->CR2 |= UART1_CR2_RWU;
      0002C7 C6 52 35         [ 1]  603 	ld	a, 0x5235
                                    604 ;	HAL_UART1.c: 350: if (NewState != 0)
      0002CA 0D 03            [ 1]  605 	tnz	(0x03, sp)
      0002CC 27 06            [ 1]  606 	jreq	00102$
                                    607 ;	HAL_UART1.c: 353: UART1->CR2 |= UART1_CR2_RWU;
      0002CE AA 02            [ 1]  608 	or	a, #0x02
      0002D0 C7 52 35         [ 1]  609 	ld	0x5235, a
      0002D3 81               [ 4]  610 	ret
      0002D4                        611 00102$:
                                    612 ;	HAL_UART1.c: 358: UART1->CR2 &= ((uint8_t)~UART1_CR2_RWU);
      0002D4 A4 FD            [ 1]  613 	and	a, #0xfd
      0002D6 C7 52 35         [ 1]  614 	ld	0x5235, a
                                    615 ;	HAL_UART1.c: 360: }
      0002D9 81               [ 4]  616 	ret
                                    617 ;	HAL_UART1.c: 367: uint8_t UART1_ReceiveData8(void)
                                    618 ;	-----------------------------------------
                                    619 ;	 function UART1_ReceiveData8
                                    620 ;	-----------------------------------------
      0002DA                        621 _UART1_ReceiveData8:
                                    622 ;	HAL_UART1.c: 369: return ((uint8_t)UART1->DR);
      0002DA C6 52 31         [ 1]  623 	ld	a, 0x5231
                                    624 ;	HAL_UART1.c: 370: }
      0002DD 81               [ 4]  625 	ret
                                    626 ;	HAL_UART1.c: 377: uint16_t UART1_ReceiveData9(void)
                                    627 ;	-----------------------------------------
                                    628 ;	 function UART1_ReceiveData9
                                    629 ;	-----------------------------------------
      0002DE                        630 _UART1_ReceiveData9:
      0002DE 52 02            [ 2]  631 	sub	sp, #2
                                    632 ;	HAL_UART1.c: 381: temp = (uint16_t)(((uint16_t)((uint16_t)UART1->CR1 & (uint16_t)UART1_CR1_R8)) << 1);
      0002E0 C6 52 34         [ 1]  633 	ld	a, 0x5234
      0002E3 A4 80            [ 1]  634 	and	a, #0x80
      0002E5 97               [ 1]  635 	ld	xl, a
      0002E6 4F               [ 1]  636 	clr	a
      0002E7 95               [ 1]  637 	ld	xh, a
      0002E8 58               [ 2]  638 	sllw	x
      0002E9 1F 01            [ 2]  639 	ldw	(0x01, sp), x
                                    640 ;	HAL_UART1.c: 382: return (uint16_t)((((uint16_t)UART1->DR) | temp) & ((uint16_t)0x01FF));
      0002EB C6 52 31         [ 1]  641 	ld	a, 0x5231
      0002EE 5F               [ 1]  642 	clrw	x
      0002EF 1A 02            [ 1]  643 	or	a, (0x02, sp)
      0002F1 02               [ 1]  644 	rlwa	x
      0002F2 1A 01            [ 1]  645 	or	a, (0x01, sp)
      0002F4 A4 01            [ 1]  646 	and	a, #0x01
      0002F6 95               [ 1]  647 	ld	xh, a
                                    648 ;	HAL_UART1.c: 383: }
      0002F7 5B 02            [ 2]  649 	addw	sp, #2
      0002F9 81               [ 4]  650 	ret
                                    651 ;	HAL_UART1.c: 390: void UART1_SendData8(uint8_t Data)
                                    652 ;	-----------------------------------------
                                    653 ;	 function UART1_SendData8
                                    654 ;	-----------------------------------------
      0002FA                        655 _UART1_SendData8:
                                    656 ;	HAL_UART1.c: 393: UART1->DR = Data;
      0002FA AE 52 31         [ 2]  657 	ldw	x, #0x5231
      0002FD 7B 03            [ 1]  658 	ld	a, (0x03, sp)
      0002FF F7               [ 1]  659 	ld	(x), a
                                    660 ;	HAL_UART1.c: 394: }
      000300 81               [ 4]  661 	ret
                                    662 ;	HAL_UART1.c: 402: void UART1_SendData9(uint16_t Data)
                                    663 ;	-----------------------------------------
                                    664 ;	 function UART1_SendData9
                                    665 ;	-----------------------------------------
      000301                        666 _UART1_SendData9:
      000301 88               [ 1]  667 	push	a
                                    668 ;	HAL_UART1.c: 405: UART1->CR1 &= ((uint8_t)~UART1_CR1_T8);
      000302 72 1D 52 34      [ 1]  669 	bres	21044, #6
                                    670 ;	HAL_UART1.c: 407: UART1->CR1 |= (uint8_t)(((uint8_t)(Data >> 2)) & UART1_CR1_T8);
      000306 C6 52 34         [ 1]  671 	ld	a, 0x5234
      000309 6B 01            [ 1]  672 	ld	(0x01, sp), a
      00030B 1E 04            [ 2]  673 	ldw	x, (0x04, sp)
      00030D 54               [ 2]  674 	srlw	x
      00030E 54               [ 2]  675 	srlw	x
      00030F 9F               [ 1]  676 	ld	a, xl
      000310 A4 40            [ 1]  677 	and	a, #0x40
      000312 1A 01            [ 1]  678 	or	a, (0x01, sp)
      000314 C7 52 34         [ 1]  679 	ld	0x5234, a
                                    680 ;	HAL_UART1.c: 409: UART1->DR = (uint8_t)(Data);
      000317 7B 05            [ 1]  681 	ld	a, (0x05, sp)
      000319 C7 52 31         [ 1]  682 	ld	0x5231, a
                                    683 ;	HAL_UART1.c: 410: }
      00031C 84               [ 1]  684 	pop	a
      00031D 81               [ 4]  685 	ret
                                    686 ;	HAL_UART1.c: 417: void UART1_SendBreak(void)
                                    687 ;	-----------------------------------------
                                    688 ;	 function UART1_SendBreak
                                    689 ;	-----------------------------------------
      00031E                        690 _UART1_SendBreak:
                                    691 ;	HAL_UART1.c: 419: UART1->CR2 |= UART1_CR2_SBK;
      00031E 72 10 52 35      [ 1]  692 	bset	21045, #0
                                    693 ;	HAL_UART1.c: 420: }
      000322 81               [ 4]  694 	ret
                                    695 ;	HAL_UART1.c: 427: void UART1_SetAddress(uint8_t UART1_Address)
                                    696 ;	-----------------------------------------
                                    697 ;	 function UART1_SetAddress
                                    698 ;	-----------------------------------------
      000323                        699 _UART1_SetAddress:
                                    700 ;	HAL_UART1.c: 431: UART1->CR4 &= ((uint8_t)~UART1_CR4_ADD);
      000323 C6 52 37         [ 1]  701 	ld	a, 0x5237
      000326 A4 F0            [ 1]  702 	and	a, #0xf0
      000328 C7 52 37         [ 1]  703 	ld	0x5237, a
                                    704 ;	HAL_UART1.c: 433: UART1->CR4 |= UART1_Address;
      00032B C6 52 37         [ 1]  705 	ld	a, 0x5237
      00032E 1A 03            [ 1]  706 	or	a, (0x03, sp)
      000330 C7 52 37         [ 1]  707 	ld	0x5237, a
                                    708 ;	HAL_UART1.c: 434: }
      000333 81               [ 4]  709 	ret
                                    710 ;	HAL_UART1.c: 442: void UART1_SetGuardTime(uint8_t UART1_GuardTime)
                                    711 ;	-----------------------------------------
                                    712 ;	 function UART1_SetGuardTime
                                    713 ;	-----------------------------------------
      000334                        714 _UART1_SetGuardTime:
                                    715 ;	HAL_UART1.c: 445: UART1->GTR = UART1_GuardTime;
      000334 AE 52 39         [ 2]  716 	ldw	x, #0x5239
      000337 7B 03            [ 1]  717 	ld	a, (0x03, sp)
      000339 F7               [ 1]  718 	ld	(x), a
                                    719 ;	HAL_UART1.c: 446: }
      00033A 81               [ 4]  720 	ret
                                    721 ;	HAL_UART1.c: 470: void UART1_SetPrescaler(uint8_t UART1_Prescaler)
                                    722 ;	-----------------------------------------
                                    723 ;	 function UART1_SetPrescaler
                                    724 ;	-----------------------------------------
      00033B                        725 _UART1_SetPrescaler:
                                    726 ;	HAL_UART1.c: 473: UART1->PSCR = UART1_Prescaler;
      00033B AE 52 3A         [ 2]  727 	ldw	x, #0x523a
      00033E 7B 03            [ 1]  728 	ld	a, (0x03, sp)
      000340 F7               [ 1]  729 	ld	(x), a
                                    730 ;	HAL_UART1.c: 474: }
      000341 81               [ 4]  731 	ret
                                    732 ;	HAL_UART1.c: 482: uint8_t UART1_GetFlagStatus(UART1_Flag_TypeDef UART1_FLAG)
                                    733 ;	-----------------------------------------
                                    734 ;	 function UART1_GetFlagStatus
                                    735 ;	-----------------------------------------
      000342                        736 _UART1_GetFlagStatus:
      000342 52 03            [ 2]  737 	sub	sp, #3
                                    738 ;	HAL_UART1.c: 490: if (UART1_FLAG == UART1_FLAG_LBDF)
      000344 16 06            [ 2]  739 	ldw	y, (0x06, sp)
      000346 17 01            [ 2]  740 	ldw	(0x01, sp), y
                                    741 ;	HAL_UART1.c: 492: if ((UART1->CR4 & (uint8_t)UART1_FLAG) != (uint8_t)0x00)
      000348 7B 07            [ 1]  742 	ld	a, (0x07, sp)
      00034A 6B 03            [ 1]  743 	ld	(0x03, sp), a
                                    744 ;	HAL_UART1.c: 490: if (UART1_FLAG == UART1_FLAG_LBDF)
      00034C 1E 01            [ 2]  745 	ldw	x, (0x01, sp)
      00034E A3 02 10         [ 2]  746 	cpw	x, #0x0210
      000351 26 0E            [ 1]  747 	jrne	00114$
                                    748 ;	HAL_UART1.c: 492: if ((UART1->CR4 & (uint8_t)UART1_FLAG) != (uint8_t)0x00)
      000353 C6 52 37         [ 1]  749 	ld	a, 0x5237
      000356 14 03            [ 1]  750 	and	a, (0x03, sp)
      000358 27 04            [ 1]  751 	jreq	00102$
                                    752 ;	HAL_UART1.c: 495: status = 1;
      00035A A6 01            [ 1]  753 	ld	a, #0x01
      00035C 20 23            [ 2]  754 	jra	00115$
      00035E                        755 00102$:
                                    756 ;	HAL_UART1.c: 500: status = 0;
      00035E 4F               [ 1]  757 	clr	a
      00035F 20 20            [ 2]  758 	jra	00115$
      000361                        759 00114$:
                                    760 ;	HAL_UART1.c: 503: else if (UART1_FLAG == UART1_FLAG_SBK)
      000361 1E 01            [ 2]  761 	ldw	x, (0x01, sp)
      000363 A3 01 01         [ 2]  762 	cpw	x, #0x0101
      000366 26 0E            [ 1]  763 	jrne	00111$
                                    764 ;	HAL_UART1.c: 505: if ((UART1->CR2 & (uint8_t)UART1_FLAG) != (uint8_t)0x00)
      000368 C6 52 35         [ 1]  765 	ld	a, 0x5235
      00036B 14 03            [ 1]  766 	and	a, (0x03, sp)
      00036D 27 04            [ 1]  767 	jreq	00105$
                                    768 ;	HAL_UART1.c: 508: status = 1;
      00036F A6 01            [ 1]  769 	ld	a, #0x01
      000371 20 0E            [ 2]  770 	jra	00115$
      000373                        771 00105$:
                                    772 ;	HAL_UART1.c: 513: status = 0;
      000373 4F               [ 1]  773 	clr	a
      000374 20 0B            [ 2]  774 	jra	00115$
      000376                        775 00111$:
                                    776 ;	HAL_UART1.c: 518: if ((UART1->SR & (uint8_t)UART1_FLAG) != (uint8_t)0x00)
      000376 C6 52 30         [ 1]  777 	ld	a, 0x5230
      000379 14 03            [ 1]  778 	and	a, (0x03, sp)
      00037B 27 03            [ 1]  779 	jreq	00108$
                                    780 ;	HAL_UART1.c: 521: status = 1;
      00037D A6 01            [ 1]  781 	ld	a, #0x01
                                    782 ;	HAL_UART1.c: 526: status = 0;
      00037F 21                     783 	.byte 0x21
      000380                        784 00108$:
      000380 4F               [ 1]  785 	clr	a
      000381                        786 00115$:
                                    787 ;	HAL_UART1.c: 530: return status;
                                    788 ;	HAL_UART1.c: 531: }
      000381 5B 03            [ 2]  789 	addw	sp, #3
      000383 81               [ 4]  790 	ret
                                    791 ;	HAL_UART1.c: 560: void UART1_ClearFlag(UART1_Flag_TypeDef UART1_FLAG)
                                    792 ;	-----------------------------------------
                                    793 ;	 function UART1_ClearFlag
                                    794 ;	-----------------------------------------
      000384                        795 _UART1_ClearFlag:
                                    796 ;	HAL_UART1.c: 564: if (UART1_FLAG == UART1_FLAG_RXNE)
      000384 1E 03            [ 2]  797 	ldw	x, (0x03, sp)
      000386 A3 00 20         [ 2]  798 	cpw	x, #0x0020
      000389 26 05            [ 1]  799 	jrne	00102$
                                    800 ;	HAL_UART1.c: 566: UART1->SR = (uint8_t)~(UART1_SR_RXNE);
      00038B 35 DF 52 30      [ 1]  801 	mov	0x5230+0, #0xdf
      00038F 81               [ 4]  802 	ret
      000390                        803 00102$:
                                    804 ;	HAL_UART1.c: 571: UART1->CR4 &= (uint8_t)~(UART1_CR4_LBDF);
      000390 72 19 52 37      [ 1]  805 	bres	21047, #4
                                    806 ;	HAL_UART1.c: 573: }
      000394 81               [ 4]  807 	ret
                                    808 ;	HAL_UART1.c: 588: uint8_t UART1_GetITStatus(UART1_IT_TypeDef UART1_IT)
                                    809 ;	-----------------------------------------
                                    810 ;	 function UART1_GetITStatus
                                    811 ;	-----------------------------------------
      000395                        812 _UART1_GetITStatus:
      000395 52 04            [ 2]  813 	sub	sp, #4
                                    814 ;	HAL_UART1.c: 599: itpos = (uint8_t)((uint8_t)1 << (uint8_t)((uint8_t)UART1_IT & (uint8_t)0x0F));
      000397 7B 08            [ 1]  815 	ld	a, (0x08, sp)
      000399 97               [ 1]  816 	ld	xl, a
      00039A A4 0F            [ 1]  817 	and	a, #0x0f
      00039C 88               [ 1]  818 	push	a
      00039D A6 01            [ 1]  819 	ld	a, #0x01
      00039F 6B 02            [ 1]  820 	ld	(0x02, sp), a
      0003A1 84               [ 1]  821 	pop	a
      0003A2 4D               [ 1]  822 	tnz	a
      0003A3 27 05            [ 1]  823 	jreq	00162$
      0003A5                        824 00161$:
      0003A5 08 01            [ 1]  825 	sll	(0x01, sp)
      0003A7 4A               [ 1]  826 	dec	a
      0003A8 26 FB            [ 1]  827 	jrne	00161$
      0003AA                        828 00162$:
                                    829 ;	HAL_UART1.c: 601: itmask1 = (uint8_t)((uint8_t)UART1_IT >> (uint8_t)4);
      0003AA 9F               [ 1]  830 	ld	a, xl
      0003AB 4E               [ 1]  831 	swap	a
      0003AC A4 0F            [ 1]  832 	and	a, #0x0f
                                    833 ;	HAL_UART1.c: 603: itmask2 = (uint8_t)((uint8_t)1 << itmask1);
      0003AE 88               [ 1]  834 	push	a
      0003AF A6 01            [ 1]  835 	ld	a, #0x01
      0003B1 6B 03            [ 1]  836 	ld	(0x03, sp), a
      0003B3 84               [ 1]  837 	pop	a
      0003B4 4D               [ 1]  838 	tnz	a
      0003B5 27 05            [ 1]  839 	jreq	00164$
      0003B7                        840 00163$:
      0003B7 08 02            [ 1]  841 	sll	(0x02, sp)
      0003B9 4A               [ 1]  842 	dec	a
      0003BA 26 FB            [ 1]  843 	jrne	00163$
      0003BC                        844 00164$:
                                    845 ;	HAL_UART1.c: 607: if (UART1_IT == UART1_IT_PE)
      0003BC 16 07            [ 2]  846 	ldw	y, (0x07, sp)
      0003BE 17 03            [ 2]  847 	ldw	(0x03, sp), y
      0003C0 93               [ 1]  848 	ldw	x, y
      0003C1 A3 01 00         [ 2]  849 	cpw	x, #0x0100
      0003C4 26 18            [ 1]  850 	jrne	00117$
                                    851 ;	HAL_UART1.c: 610: enablestatus = (uint8_t)((uint8_t)UART1->CR1 & itmask2);
      0003C6 C6 52 34         [ 1]  852 	ld	a, 0x5234
      0003C9 14 02            [ 1]  853 	and	a, (0x02, sp)
      0003CB 97               [ 1]  854 	ld	xl, a
                                    855 ;	HAL_UART1.c: 613: if (((UART1->SR & itpos) != (uint8_t)0x00) && enablestatus)
      0003CC C6 52 30         [ 1]  856 	ld	a, 0x5230
      0003CF 14 01            [ 1]  857 	and	a, (0x01, sp)
      0003D1 27 08            [ 1]  858 	jreq	00102$
      0003D3 9F               [ 1]  859 	ld	a, xl
      0003D4 4D               [ 1]  860 	tnz	a
      0003D5 27 04            [ 1]  861 	jreq	00102$
                                    862 ;	HAL_UART1.c: 616: pendingbitstatus = 1;
      0003D7 A6 01            [ 1]  863 	ld	a, #0x01
      0003D9 20 37            [ 2]  864 	jra	00118$
      0003DB                        865 00102$:
                                    866 ;	HAL_UART1.c: 621: pendingbitstatus = 0;
      0003DB 4F               [ 1]  867 	clr	a
      0003DC 20 34            [ 2]  868 	jra	00118$
      0003DE                        869 00117$:
                                    870 ;	HAL_UART1.c: 625: else if (UART1_IT == UART1_IT_LBDF)
      0003DE 1E 03            [ 2]  871 	ldw	x, (0x03, sp)
      0003E0 A3 03 46         [ 2]  872 	cpw	x, #0x0346
      0003E3 26 18            [ 1]  873 	jrne	00114$
                                    874 ;	HAL_UART1.c: 628: enablestatus = (uint8_t)((uint8_t)UART1->CR4 & itmask2);
      0003E5 C6 52 37         [ 1]  875 	ld	a, 0x5237
      0003E8 14 02            [ 1]  876 	and	a, (0x02, sp)
      0003EA 97               [ 1]  877 	ld	xl, a
                                    878 ;	HAL_UART1.c: 630: if (((UART1->CR4 & itpos) != (uint8_t)0x00) && enablestatus)
      0003EB C6 52 37         [ 1]  879 	ld	a, 0x5237
      0003EE 14 01            [ 1]  880 	and	a, (0x01, sp)
      0003F0 27 08            [ 1]  881 	jreq	00106$
      0003F2 9F               [ 1]  882 	ld	a, xl
      0003F3 4D               [ 1]  883 	tnz	a
      0003F4 27 04            [ 1]  884 	jreq	00106$
                                    885 ;	HAL_UART1.c: 633: pendingbitstatus = 1;
      0003F6 A6 01            [ 1]  886 	ld	a, #0x01
      0003F8 20 18            [ 2]  887 	jra	00118$
      0003FA                        888 00106$:
                                    889 ;	HAL_UART1.c: 638: pendingbitstatus = 0;
      0003FA 4F               [ 1]  890 	clr	a
      0003FB 20 15            [ 2]  891 	jra	00118$
      0003FD                        892 00114$:
                                    893 ;	HAL_UART1.c: 644: enablestatus = (uint8_t)((uint8_t)UART1->CR2 & itmask2);
      0003FD C6 52 35         [ 1]  894 	ld	a, 0x5235
      000400 14 02            [ 1]  895 	and	a, (0x02, sp)
      000402 97               [ 1]  896 	ld	xl, a
                                    897 ;	HAL_UART1.c: 646: if (((UART1->SR & itpos) != (uint8_t)0x00) && enablestatus)
      000403 C6 52 30         [ 1]  898 	ld	a, 0x5230
      000406 14 01            [ 1]  899 	and	a, (0x01, sp)
      000408 27 07            [ 1]  900 	jreq	00110$
      00040A 9F               [ 1]  901 	ld	a, xl
      00040B 4D               [ 1]  902 	tnz	a
      00040C 27 03            [ 1]  903 	jreq	00110$
                                    904 ;	HAL_UART1.c: 649: pendingbitstatus = 1;
      00040E A6 01            [ 1]  905 	ld	a, #0x01
                                    906 ;	HAL_UART1.c: 654: pendingbitstatus = 0;
      000410 21                     907 	.byte 0x21
      000411                        908 00110$:
      000411 4F               [ 1]  909 	clr	a
      000412                        910 00118$:
                                    911 ;	HAL_UART1.c: 659: return  pendingbitstatus;
                                    912 ;	HAL_UART1.c: 660: }
      000412 5B 04            [ 2]  913 	addw	sp, #4
      000414 81               [ 4]  914 	ret
                                    915 ;	HAL_UART1.c: 687: void UART1_ClearITPendingBit(UART1_IT_TypeDef UART1_IT)
                                    916 ;	-----------------------------------------
                                    917 ;	 function UART1_ClearITPendingBit
                                    918 ;	-----------------------------------------
      000415                        919 _UART1_ClearITPendingBit:
                                    920 ;	HAL_UART1.c: 691: if (UART1_IT == UART1_IT_RXNE)
      000415 1E 03            [ 2]  921 	ldw	x, (0x03, sp)
      000417 A3 02 55         [ 2]  922 	cpw	x, #0x0255
      00041A 26 05            [ 1]  923 	jrne	00102$
                                    924 ;	HAL_UART1.c: 693: UART1->SR = (uint8_t)~(UART1_SR_RXNE);
      00041C 35 DF 52 30      [ 1]  925 	mov	0x5230+0, #0xdf
      000420 81               [ 4]  926 	ret
      000421                        927 00102$:
                                    928 ;	HAL_UART1.c: 698: UART1->CR4 &= (uint8_t)~(UART1_CR4_LBDF);
      000421 72 19 52 37      [ 1]  929 	bres	21047, #4
                                    930 ;	HAL_UART1.c: 700: }
      000425 81               [ 4]  931 	ret
                                    932 	.area CODE
                                    933 	.area CONST
                                    934 	.area INITIALIZER
                                    935 	.area CABS (ABS)
