                                      1 ;--------------------------------------------------------
                                      2 ; File Created by SDCC : free open source ANSI-C Compiler
                                      3 ; Version 4.0.0 #11528 (MINGW64)
                                      4 ;--------------------------------------------------------
                                      5 	.module HAL_I2C
                                      6 	.optsdcc -mstm8
                                      7 	
                                      8 ;--------------------------------------------------------
                                      9 ; Public variables in this module
                                     10 ;--------------------------------------------------------
                                     11 	.globl _I2C_DeInit
                                     12 	.globl _I2C_Init
                                     13 	.globl _I2C_Cmd
                                     14 	.globl _I2C_GeneralCallCmd
                                     15 	.globl _I2C_GenerateSTART
                                     16 	.globl _I2C_GenerateSTOP
                                     17 	.globl _I2C_SoftwareResetCmd
                                     18 	.globl _I2C_StretchClockCmd
                                     19 	.globl _I2C_AcknowledgeConfig
                                     20 	.globl _I2C_ITConfig
                                     21 	.globl _I2C_FastModeDutyCycleConfig
                                     22 	.globl _I2C_ReceiveData
                                     23 	.globl _I2C_Send7bitAddress
                                     24 	.globl _I2C_SendData
                                     25 	.globl _I2C_CheckEvent
                                     26 	.globl _I2C_GetLastEvent
                                     27 	.globl _I2C_GetFlagStatus
                                     28 	.globl _I2C_ClearFlag
                                     29 	.globl _I2C_GetITStatus
                                     30 	.globl _I2C_ClearITPendingBit
                                     31 ;--------------------------------------------------------
                                     32 ; ram data
                                     33 ;--------------------------------------------------------
                                     34 	.area DATA
                                     35 ;--------------------------------------------------------
                                     36 ; ram data
                                     37 ;--------------------------------------------------------
                                     38 	.area INITIALIZED
                                     39 ;--------------------------------------------------------
                                     40 ; absolute external ram data
                                     41 ;--------------------------------------------------------
                                     42 	.area DABS (ABS)
                                     43 
                                     44 ; default segment ordering for linker
                                     45 	.area HOME
                                     46 	.area GSINIT
                                     47 	.area GSFINAL
                                     48 	.area CONST
                                     49 	.area INITIALIZER
                                     50 	.area CODE
                                     51 
                                     52 ;--------------------------------------------------------
                                     53 ; global & static initialisations
                                     54 ;--------------------------------------------------------
                                     55 	.area HOME
                                     56 	.area GSINIT
                                     57 	.area GSFINAL
                                     58 	.area GSINIT
                                     59 ;--------------------------------------------------------
                                     60 ; Home
                                     61 ;--------------------------------------------------------
                                     62 	.area HOME
                                     63 	.area HOME
                                     64 ;--------------------------------------------------------
                                     65 ; code
                                     66 ;--------------------------------------------------------
                                     67 	.area CODE
                                     68 ;	HAL_I2C.c: 17: void I2C_DeInit(void)
                                     69 ;	-----------------------------------------
                                     70 ;	 function I2C_DeInit
                                     71 ;	-----------------------------------------
      000000                         72 _I2C_DeInit:
                                     73 ;	HAL_I2C.c: 19: I2C->CR1 = I2C_CR1_RESET_VALUE;
      000000 35 00 52 10      [ 1]   74 	mov	0x5210+0, #0x00
                                     75 ;	HAL_I2C.c: 20: I2C->CR2 = I2C_CR2_RESET_VALUE;
      000004 35 00 52 11      [ 1]   76 	mov	0x5211+0, #0x00
                                     77 ;	HAL_I2C.c: 21: I2C->FREQR = I2C_FREQR_RESET_VALUE;
      000008 35 00 52 12      [ 1]   78 	mov	0x5212+0, #0x00
                                     79 ;	HAL_I2C.c: 22: I2C->OARL = I2C_OARL_RESET_VALUE;
      00000C 35 00 52 13      [ 1]   80 	mov	0x5213+0, #0x00
                                     81 ;	HAL_I2C.c: 23: I2C->OARH = I2C_OARH_RESET_VALUE;
      000010 35 00 52 14      [ 1]   82 	mov	0x5214+0, #0x00
                                     83 ;	HAL_I2C.c: 24: I2C->ITR = I2C_ITR_RESET_VALUE;
      000014 35 00 52 1A      [ 1]   84 	mov	0x521a+0, #0x00
                                     85 ;	HAL_I2C.c: 25: I2C->CCRL = I2C_CCRL_RESET_VALUE;
      000018 35 00 52 1B      [ 1]   86 	mov	0x521b+0, #0x00
                                     87 ;	HAL_I2C.c: 26: I2C->CCRH = I2C_CCRH_RESET_VALUE;
      00001C 35 00 52 1C      [ 1]   88 	mov	0x521c+0, #0x00
                                     89 ;	HAL_I2C.c: 27: I2C->TRISER = I2C_TRISER_RESET_VALUE;
      000020 35 02 52 1D      [ 1]   90 	mov	0x521d+0, #0x02
                                     91 ;	HAL_I2C.c: 28: }
      000024 81               [ 4]   92 	ret
                                     93 ;	HAL_I2C.c: 30: void I2C_Init(uint32_t OutputClockFrequencyHz, uint16_t OwnAddress,
                                     94 ;	-----------------------------------------
                                     95 ;	 function I2C_Init
                                     96 ;	-----------------------------------------
      000025                         97 _I2C_Init:
      000025 52 07            [ 2]   98 	sub	sp, #7
                                     99 ;	HAL_I2C.c: 36: uint8_t tmpccrh = 0;
      000027 0F 05            [ 1]  100 	clr	(0x05, sp)
                                    101 ;	HAL_I2C.c: 40: I2C->FREQR &= (uint8_t)(~I2C_FREQR_FREQ);
      000029 C6 52 12         [ 1]  102 	ld	a, 0x5212
      00002C A4 C0            [ 1]  103 	and	a, #0xc0
      00002E C7 52 12         [ 1]  104 	ld	0x5212, a
                                    105 ;	HAL_I2C.c: 42: I2C->FREQR |= InputClockFrequencyMHz;
      000031 C6 52 12         [ 1]  106 	ld	a, 0x5212
      000034 1A 13            [ 1]  107 	or	a, (0x13, sp)
      000036 C7 52 12         [ 1]  108 	ld	0x5212, a
                                    109 ;	HAL_I2C.c: 46: I2C->CR1 &= (uint8_t)(~I2C_CR1_PE);
      000039 72 11 52 10      [ 1]  110 	bres	21008, #0
                                    111 ;	HAL_I2C.c: 49: I2C->CCRH &= (uint8_t)(~(I2C_CCRH_FS | I2C_CCRH_DUTY | I2C_CCRH_CCR));
      00003D C6 52 1C         [ 1]  112 	ld	a, 0x521c
      000040 A4 30            [ 1]  113 	and	a, #0x30
      000042 C7 52 1C         [ 1]  114 	ld	0x521c, a
                                    115 ;	HAL_I2C.c: 50: I2C->CCRL &= (uint8_t)(~I2C_CCRL_CCR);
      000045 C6 52 1B         [ 1]  116 	ld	a, 0x521b
      000048 35 00 52 1B      [ 1]  117 	mov	0x521b+0, #0x00
                                    118 ;	HAL_I2C.c: 61: result = (uint16_t)((InputClockFrequencyMHz * 1000000) / (OutputClockFrequencyHz * 3));
      00004C 5F               [ 1]  119 	clrw	x
      00004D 7B 13            [ 1]  120 	ld	a, (0x13, sp)
      00004F 97               [ 1]  121 	ld	xl, a
      000050 90 5F            [ 1]  122 	clrw	y
      000052 89               [ 2]  123 	pushw	x
      000053 90 89            [ 2]  124 	pushw	y
      000055 4B 40            [ 1]  125 	push	#0x40
      000057 4B 42            [ 1]  126 	push	#0x42
      000059 4B 0F            [ 1]  127 	push	#0x0f
      00005B 4B 00            [ 1]  128 	push	#0x00
      00005D CDr00r00         [ 4]  129 	call	__mullong
      000060 5B 08            [ 2]  130 	addw	sp, #8
      000062 1F 03            [ 2]  131 	ldw	(0x03, sp), x
      000064 17 01            [ 2]  132 	ldw	(0x01, sp), y
                                    133 ;	HAL_I2C.c: 53: if (OutputClockFrequencyHz > I2C_MAX_STANDARD_FREQ) /* FAST MODE */
      000066 AE 86 A0         [ 2]  134 	ldw	x, #0x86a0
      000069 13 0C            [ 2]  135 	cpw	x, (0x0c, sp)
      00006B A6 01            [ 1]  136 	ld	a, #0x01
      00006D 12 0B            [ 1]  137 	sbc	a, (0x0b, sp)
      00006F 4F               [ 1]  138 	clr	a
      000070 12 0A            [ 1]  139 	sbc	a, (0x0a, sp)
      000072 24 7B            [ 1]  140 	jrnc	00109$
                                    141 ;	HAL_I2C.c: 56: tmpccrh = I2C_CCRH_FS;
      000074 A6 80            [ 1]  142 	ld	a, #0x80
      000076 6B 05            [ 1]  143 	ld	(0x05, sp), a
                                    144 ;	HAL_I2C.c: 58: if (I2C_DutyCycle == I2C_DUTYCYCLE_2)
      000078 0D 10            [ 1]  145 	tnz	(0x10, sp)
      00007A 26 23            [ 1]  146 	jrne	00102$
                                    147 ;	HAL_I2C.c: 61: result = (uint16_t)((InputClockFrequencyMHz * 1000000) / (OutputClockFrequencyHz * 3));
      00007C 1E 0C            [ 2]  148 	ldw	x, (0x0c, sp)
      00007E 89               [ 2]  149 	pushw	x
      00007F 1E 0C            [ 2]  150 	ldw	x, (0x0c, sp)
      000081 89               [ 2]  151 	pushw	x
      000082 4B 03            [ 1]  152 	push	#0x03
      000084 5F               [ 1]  153 	clrw	x
      000085 89               [ 2]  154 	pushw	x
      000086 4B 00            [ 1]  155 	push	#0x00
      000088 CDr00r00         [ 4]  156 	call	__mullong
      00008B 5B 08            [ 2]  157 	addw	sp, #8
      00008D 89               [ 2]  158 	pushw	x
      00008E 90 89            [ 2]  159 	pushw	y
      000090 1E 07            [ 2]  160 	ldw	x, (0x07, sp)
      000092 89               [ 2]  161 	pushw	x
      000093 1E 07            [ 2]  162 	ldw	x, (0x07, sp)
      000095 89               [ 2]  163 	pushw	x
      000096 CDr00r00         [ 4]  164 	call	__divulong
      000099 5B 08            [ 2]  165 	addw	sp, #8
      00009B 1F 06            [ 2]  166 	ldw	(0x06, sp), x
      00009D 20 28            [ 2]  167 	jra	00103$
      00009F                        168 00102$:
                                    169 ;	HAL_I2C.c: 66: result = (uint16_t)((InputClockFrequencyMHz * 1000000) / (OutputClockFrequencyHz * 25));
      00009F 1E 0C            [ 2]  170 	ldw	x, (0x0c, sp)
      0000A1 89               [ 2]  171 	pushw	x
      0000A2 1E 0C            [ 2]  172 	ldw	x, (0x0c, sp)
      0000A4 89               [ 2]  173 	pushw	x
      0000A5 4B 19            [ 1]  174 	push	#0x19
      0000A7 5F               [ 1]  175 	clrw	x
      0000A8 89               [ 2]  176 	pushw	x
      0000A9 4B 00            [ 1]  177 	push	#0x00
      0000AB CDr00r00         [ 4]  178 	call	__mullong
      0000AE 5B 08            [ 2]  179 	addw	sp, #8
      0000B0 9F               [ 1]  180 	ld	a, xl
      0000B1 88               [ 1]  181 	push	a
      0000B2 9E               [ 1]  182 	ld	a, xh
      0000B3 88               [ 1]  183 	push	a
      0000B4 90 89            [ 2]  184 	pushw	y
      0000B6 1E 07            [ 2]  185 	ldw	x, (0x07, sp)
      0000B8 89               [ 2]  186 	pushw	x
      0000B9 1E 07            [ 2]  187 	ldw	x, (0x07, sp)
      0000BB 89               [ 2]  188 	pushw	x
      0000BC CDr00r00         [ 4]  189 	call	__divulong
      0000BF 5B 08            [ 2]  190 	addw	sp, #8
      0000C1 1F 06            [ 2]  191 	ldw	(0x06, sp), x
                                    192 ;	HAL_I2C.c: 68: tmpccrh |= I2C_CCRH_DUTY;
      0000C3 A6 C0            [ 1]  193 	ld	a, #0xc0
      0000C5 6B 05            [ 1]  194 	ld	(0x05, sp), a
      0000C7                        195 00103$:
                                    196 ;	HAL_I2C.c: 72: if (result < (uint16_t)0x01)
      0000C7 1E 06            [ 2]  197 	ldw	x, (0x06, sp)
      0000C9 A3 00 01         [ 2]  198 	cpw	x, #0x0001
      0000CC 24 05            [ 1]  199 	jrnc	00105$
                                    200 ;	HAL_I2C.c: 75: result = (uint16_t)0x0001;
      0000CE AE 00 01         [ 2]  201 	ldw	x, #0x0001
      0000D1 1F 06            [ 2]  202 	ldw	(0x06, sp), x
      0000D3                        203 00105$:
                                    204 ;	HAL_I2C.c: 81: tmpval = ((InputClockFrequencyMHz * 3) / 10) + 1;
      0000D3 7B 13            [ 1]  205 	ld	a, (0x13, sp)
      0000D5 5F               [ 1]  206 	clrw	x
      0000D6 97               [ 1]  207 	ld	xl, a
      0000D7 89               [ 2]  208 	pushw	x
      0000D8 58               [ 2]  209 	sllw	x
      0000D9 72 FB 01         [ 2]  210 	addw	x, (1, sp)
      0000DC 5B 02            [ 2]  211 	addw	sp, #2
      0000DE 4B 0A            [ 1]  212 	push	#0x0a
      0000E0 4B 00            [ 1]  213 	push	#0x00
      0000E2 89               [ 2]  214 	pushw	x
      0000E3 CDr00r00         [ 4]  215 	call	__divsint
      0000E6 5B 04            [ 2]  216 	addw	sp, #4
      0000E8 9F               [ 1]  217 	ld	a, xl
      0000E9 4C               [ 1]  218 	inc	a
                                    219 ;	HAL_I2C.c: 82: I2C->TRISER = (uint8_t)tmpval;
      0000EA C7 52 1D         [ 1]  220 	ld	0x521d, a
      0000ED 20 27            [ 2]  221 	jra	00110$
      0000EF                        222 00109$:
                                    223 ;	HAL_I2C.c: 89: result = (uint16_t)((InputClockFrequencyMHz * 1000000) / (OutputClockFrequencyHz << (uint8_t)1));
      0000EF 1E 0C            [ 2]  224 	ldw	x, (0x0c, sp)
      0000F1 16 0A            [ 2]  225 	ldw	y, (0x0a, sp)
      0000F3 58               [ 2]  226 	sllw	x
      0000F4 90 59            [ 2]  227 	rlcw	y
      0000F6 89               [ 2]  228 	pushw	x
      0000F7 90 89            [ 2]  229 	pushw	y
      0000F9 1E 07            [ 2]  230 	ldw	x, (0x07, sp)
      0000FB 89               [ 2]  231 	pushw	x
      0000FC 1E 07            [ 2]  232 	ldw	x, (0x07, sp)
      0000FE 89               [ 2]  233 	pushw	x
      0000FF CDr00r00         [ 4]  234 	call	__divulong
      000102 5B 08            [ 2]  235 	addw	sp, #8
                                    236 ;	HAL_I2C.c: 92: if (result < (uint16_t)0x0004)
      000104 1F 06            [ 2]  237 	ldw	(0x06, sp), x
      000106 A3 00 04         [ 2]  238 	cpw	x, #0x0004
      000109 24 05            [ 1]  239 	jrnc	00107$
                                    240 ;	HAL_I2C.c: 95: result = (uint16_t)0x0004;
      00010B AE 00 04         [ 2]  241 	ldw	x, #0x0004
      00010E 1F 06            [ 2]  242 	ldw	(0x06, sp), x
      000110                        243 00107$:
                                    244 ;	HAL_I2C.c: 101: I2C->TRISER = (uint8_t)(InputClockFrequencyMHz + (uint8_t)1);
      000110 7B 13            [ 1]  245 	ld	a, (0x13, sp)
      000112 4C               [ 1]  246 	inc	a
      000113 C7 52 1D         [ 1]  247 	ld	0x521d, a
      000116                        248 00110$:
                                    249 ;	HAL_I2C.c: 106: I2C->CCRL = (uint8_t)result;
      000116 7B 07            [ 1]  250 	ld	a, (0x07, sp)
      000118 C7 52 1B         [ 1]  251 	ld	0x521b, a
                                    252 ;	HAL_I2C.c: 107: I2C->CCRH = (uint8_t)((uint8_t)((uint8_t)(result >> 8) & I2C_CCRH_CCR) | tmpccrh);
      00011B 7B 06            [ 1]  253 	ld	a, (0x06, sp)
      00011D A4 0F            [ 1]  254 	and	a, #0x0f
      00011F 1A 05            [ 1]  255 	or	a, (0x05, sp)
      000121 C7 52 1C         [ 1]  256 	ld	0x521c, a
                                    257 ;	HAL_I2C.c: 110: I2C->CR1 |= I2C_CR1_PE;
      000124 72 10 52 10      [ 1]  258 	bset	21008, #0
                                    259 ;	HAL_I2C.c: 113: I2C_AcknowledgeConfig(Ack);
      000128 7B 11            [ 1]  260 	ld	a, (0x11, sp)
      00012A 88               [ 1]  261 	push	a
      00012B CDr01rBF         [ 4]  262 	call	_I2C_AcknowledgeConfig
      00012E 84               [ 1]  263 	pop	a
                                    264 ;	HAL_I2C.c: 116: I2C->OARL = (uint8_t)(OwnAddress);
      00012F 7B 0F            [ 1]  265 	ld	a, (0x0f, sp)
      000131 C7 52 13         [ 1]  266 	ld	0x5213, a
                                    267 ;	HAL_I2C.c: 117: I2C->OARH = (uint8_t)((uint8_t)(AddMode | I2C_OARH_ADDCONF) |
      000134 7B 12            [ 1]  268 	ld	a, (0x12, sp)
      000136 AA 40            [ 1]  269 	or	a, #0x40
      000138 6B 07            [ 1]  270 	ld	(0x07, sp), a
                                    271 ;	HAL_I2C.c: 118: (uint8_t)((OwnAddress & (uint16_t)0x0300) >> (uint8_t)7));
      00013A 4F               [ 1]  272 	clr	a
      00013B 97               [ 1]  273 	ld	xl, a
      00013C 7B 0E            [ 1]  274 	ld	a, (0x0e, sp)
      00013E A4 03            [ 1]  275 	and	a, #0x03
      000140 95               [ 1]  276 	ld	xh, a
      000141 A6 80            [ 1]  277 	ld	a, #0x80
      000143 62               [ 2]  278 	div	x, a
      000144 9F               [ 1]  279 	ld	a, xl
      000145 1A 07            [ 1]  280 	or	a, (0x07, sp)
      000147 C7 52 14         [ 1]  281 	ld	0x5214, a
                                    282 ;	HAL_I2C.c: 119: }
      00014A 5B 07            [ 2]  283 	addw	sp, #7
      00014C 81               [ 4]  284 	ret
                                    285 ;	HAL_I2C.c: 121: void I2C_Cmd(uint8_t NewState)
                                    286 ;	-----------------------------------------
                                    287 ;	 function I2C_Cmd
                                    288 ;	-----------------------------------------
      00014D                        289 _I2C_Cmd:
                                    290 ;	HAL_I2C.c: 126: I2C->CR1 |= I2C_CR1_PE;
      00014D C6 52 10         [ 1]  291 	ld	a, 0x5210
                                    292 ;	HAL_I2C.c: 123: if (NewState != 0)
      000150 0D 03            [ 1]  293 	tnz	(0x03, sp)
      000152 27 06            [ 1]  294 	jreq	00102$
                                    295 ;	HAL_I2C.c: 126: I2C->CR1 |= I2C_CR1_PE;
      000154 AA 01            [ 1]  296 	or	a, #0x01
      000156 C7 52 10         [ 1]  297 	ld	0x5210, a
      000159 81               [ 4]  298 	ret
      00015A                        299 00102$:
                                    300 ;	HAL_I2C.c: 131: I2C->CR1 &= (uint8_t)(~I2C_CR1_PE);
      00015A A4 FE            [ 1]  301 	and	a, #0xfe
      00015C C7 52 10         [ 1]  302 	ld	0x5210, a
                                    303 ;	HAL_I2C.c: 133: }
      00015F 81               [ 4]  304 	ret
                                    305 ;	HAL_I2C.c: 135: void I2C_GeneralCallCmd(uint8_t NewState)
                                    306 ;	-----------------------------------------
                                    307 ;	 function I2C_GeneralCallCmd
                                    308 ;	-----------------------------------------
      000160                        309 _I2C_GeneralCallCmd:
                                    310 ;	HAL_I2C.c: 140: I2C->CR1 |= I2C_CR1_ENGC;
      000160 C6 52 10         [ 1]  311 	ld	a, 0x5210
                                    312 ;	HAL_I2C.c: 137: if (NewState != 0)
      000163 0D 03            [ 1]  313 	tnz	(0x03, sp)
      000165 27 06            [ 1]  314 	jreq	00102$
                                    315 ;	HAL_I2C.c: 140: I2C->CR1 |= I2C_CR1_ENGC;
      000167 AA 40            [ 1]  316 	or	a, #0x40
      000169 C7 52 10         [ 1]  317 	ld	0x5210, a
      00016C 81               [ 4]  318 	ret
      00016D                        319 00102$:
                                    320 ;	HAL_I2C.c: 145: I2C->CR1 &= (uint8_t)(~I2C_CR1_ENGC);
      00016D A4 BF            [ 1]  321 	and	a, #0xbf
      00016F C7 52 10         [ 1]  322 	ld	0x5210, a
                                    323 ;	HAL_I2C.c: 147: }
      000172 81               [ 4]  324 	ret
                                    325 ;	HAL_I2C.c: 149: void I2C_GenerateSTART(uint8_t NewState)
                                    326 ;	-----------------------------------------
                                    327 ;	 function I2C_GenerateSTART
                                    328 ;	-----------------------------------------
      000173                        329 _I2C_GenerateSTART:
                                    330 ;	HAL_I2C.c: 154: I2C->CR2 |= I2C_CR2_START;
      000173 C6 52 11         [ 1]  331 	ld	a, 0x5211
                                    332 ;	HAL_I2C.c: 151: if (NewState != 0)
      000176 0D 03            [ 1]  333 	tnz	(0x03, sp)
      000178 27 06            [ 1]  334 	jreq	00102$
                                    335 ;	HAL_I2C.c: 154: I2C->CR2 |= I2C_CR2_START;
      00017A AA 01            [ 1]  336 	or	a, #0x01
      00017C C7 52 11         [ 1]  337 	ld	0x5211, a
      00017F 81               [ 4]  338 	ret
      000180                        339 00102$:
                                    340 ;	HAL_I2C.c: 159: I2C->CR2 &= (uint8_t)(~I2C_CR2_START);
      000180 A4 FE            [ 1]  341 	and	a, #0xfe
      000182 C7 52 11         [ 1]  342 	ld	0x5211, a
                                    343 ;	HAL_I2C.c: 161: }
      000185 81               [ 4]  344 	ret
                                    345 ;	HAL_I2C.c: 163: void I2C_GenerateSTOP(uint8_t NewState)
                                    346 ;	-----------------------------------------
                                    347 ;	 function I2C_GenerateSTOP
                                    348 ;	-----------------------------------------
      000186                        349 _I2C_GenerateSTOP:
                                    350 ;	HAL_I2C.c: 168: I2C->CR2 |= I2C_CR2_STOP;
      000186 C6 52 11         [ 1]  351 	ld	a, 0x5211
                                    352 ;	HAL_I2C.c: 165: if (NewState != 0)
      000189 0D 03            [ 1]  353 	tnz	(0x03, sp)
      00018B 27 06            [ 1]  354 	jreq	00102$
                                    355 ;	HAL_I2C.c: 168: I2C->CR2 |= I2C_CR2_STOP;
      00018D AA 02            [ 1]  356 	or	a, #0x02
      00018F C7 52 11         [ 1]  357 	ld	0x5211, a
      000192 81               [ 4]  358 	ret
      000193                        359 00102$:
                                    360 ;	HAL_I2C.c: 173: I2C->CR2 &= (uint8_t)(~I2C_CR2_STOP);
      000193 A4 FD            [ 1]  361 	and	a, #0xfd
      000195 C7 52 11         [ 1]  362 	ld	0x5211, a
                                    363 ;	HAL_I2C.c: 175: }
      000198 81               [ 4]  364 	ret
                                    365 ;	HAL_I2C.c: 177: void I2C_SoftwareResetCmd(uint8_t NewState)
                                    366 ;	-----------------------------------------
                                    367 ;	 function I2C_SoftwareResetCmd
                                    368 ;	-----------------------------------------
      000199                        369 _I2C_SoftwareResetCmd:
                                    370 ;	HAL_I2C.c: 182: I2C->CR2 |= I2C_CR2_SWRST;
      000199 C6 52 11         [ 1]  371 	ld	a, 0x5211
                                    372 ;	HAL_I2C.c: 179: if (NewState != 0)
      00019C 0D 03            [ 1]  373 	tnz	(0x03, sp)
      00019E 27 06            [ 1]  374 	jreq	00102$
                                    375 ;	HAL_I2C.c: 182: I2C->CR2 |= I2C_CR2_SWRST;
      0001A0 AA 80            [ 1]  376 	or	a, #0x80
      0001A2 C7 52 11         [ 1]  377 	ld	0x5211, a
      0001A5 81               [ 4]  378 	ret
      0001A6                        379 00102$:
                                    380 ;	HAL_I2C.c: 187: I2C->CR2 &= (uint8_t)(~I2C_CR2_SWRST);
      0001A6 A4 7F            [ 1]  381 	and	a, #0x7f
      0001A8 C7 52 11         [ 1]  382 	ld	0x5211, a
                                    383 ;	HAL_I2C.c: 189: }
      0001AB 81               [ 4]  384 	ret
                                    385 ;	HAL_I2C.c: 191: void I2C_StretchClockCmd(uint8_t NewState)
                                    386 ;	-----------------------------------------
                                    387 ;	 function I2C_StretchClockCmd
                                    388 ;	-----------------------------------------
      0001AC                        389 _I2C_StretchClockCmd:
                                    390 ;	HAL_I2C.c: 196: I2C->CR1 &= (uint8_t)(~I2C_CR1_NOSTRETCH);
      0001AC C6 52 10         [ 1]  391 	ld	a, 0x5210
                                    392 ;	HAL_I2C.c: 193: if (NewState != 0)
      0001AF 0D 03            [ 1]  393 	tnz	(0x03, sp)
      0001B1 27 06            [ 1]  394 	jreq	00102$
                                    395 ;	HAL_I2C.c: 196: I2C->CR1 &= (uint8_t)(~I2C_CR1_NOSTRETCH);
      0001B3 A4 7F            [ 1]  396 	and	a, #0x7f
      0001B5 C7 52 10         [ 1]  397 	ld	0x5210, a
      0001B8 81               [ 4]  398 	ret
      0001B9                        399 00102$:
                                    400 ;	HAL_I2C.c: 202: I2C->CR1 |= I2C_CR1_NOSTRETCH;
      0001B9 AA 80            [ 1]  401 	or	a, #0x80
      0001BB C7 52 10         [ 1]  402 	ld	0x5210, a
                                    403 ;	HAL_I2C.c: 204: }
      0001BE 81               [ 4]  404 	ret
                                    405 ;	HAL_I2C.c: 206: void I2C_AcknowledgeConfig(I2C_Ack_TypeDef Ack)
                                    406 ;	-----------------------------------------
                                    407 ;	 function I2C_AcknowledgeConfig
                                    408 ;	-----------------------------------------
      0001BF                        409 _I2C_AcknowledgeConfig:
                                    410 ;	HAL_I2C.c: 211: I2C->CR2 &= (uint8_t)(~I2C_CR2_ACK);
      0001BF C6 52 11         [ 1]  411 	ld	a, 0x5211
                                    412 ;	HAL_I2C.c: 208: if (Ack == I2C_ACK_NONE)
      0001C2 0D 03            [ 1]  413 	tnz	(0x03, sp)
      0001C4 26 06            [ 1]  414 	jrne	00105$
                                    415 ;	HAL_I2C.c: 211: I2C->CR2 &= (uint8_t)(~I2C_CR2_ACK);
      0001C6 A4 FB            [ 1]  416 	and	a, #0xfb
      0001C8 C7 52 11         [ 1]  417 	ld	0x5211, a
      0001CB 81               [ 4]  418 	ret
      0001CC                        419 00105$:
                                    420 ;	HAL_I2C.c: 216: I2C->CR2 |= I2C_CR2_ACK;
      0001CC AA 04            [ 1]  421 	or	a, #0x04
      0001CE C7 52 11         [ 1]  422 	ld	0x5211, a
                                    423 ;	HAL_I2C.c: 211: I2C->CR2 &= (uint8_t)(~I2C_CR2_ACK);
      0001D1 C6 52 11         [ 1]  424 	ld	a, 0x5211
                                    425 ;	HAL_I2C.c: 218: if (Ack == I2C_ACK_CURR)
      0001D4 88               [ 1]  426 	push	a
      0001D5 7B 04            [ 1]  427 	ld	a, (0x04, sp)
      0001D7 4A               [ 1]  428 	dec	a
      0001D8 84               [ 1]  429 	pop	a
      0001D9 26 06            [ 1]  430 	jrne	00102$
                                    431 ;	HAL_I2C.c: 221: I2C->CR2 &= (uint8_t)(~I2C_CR2_POS);
      0001DB A4 F7            [ 1]  432 	and	a, #0xf7
      0001DD C7 52 11         [ 1]  433 	ld	0x5211, a
      0001E0 81               [ 4]  434 	ret
      0001E1                        435 00102$:
                                    436 ;	HAL_I2C.c: 226: I2C->CR2 |= I2C_CR2_POS;
      0001E1 AA 08            [ 1]  437 	or	a, #0x08
      0001E3 C7 52 11         [ 1]  438 	ld	0x5211, a
                                    439 ;	HAL_I2C.c: 229: }
      0001E6 81               [ 4]  440 	ret
                                    441 ;	HAL_I2C.c: 231: void I2C_ITConfig(I2C_IT_TypeDef I2C_IT, uint8_t NewState)
                                    442 ;	-----------------------------------------
                                    443 ;	 function I2C_ITConfig
                                    444 ;	-----------------------------------------
      0001E7                        445 _I2C_ITConfig:
      0001E7 88               [ 1]  446 	push	a
                                    447 ;	HAL_I2C.c: 236: I2C->ITR |= (uint8_t)I2C_IT;
      0001E8 C6 52 1A         [ 1]  448 	ld	a, 0x521a
                                    449 ;	HAL_I2C.c: 233: if (NewState != 0)
      0001EB 0D 05            [ 1]  450 	tnz	(0x05, sp)
      0001ED 27 07            [ 1]  451 	jreq	00102$
                                    452 ;	HAL_I2C.c: 236: I2C->ITR |= (uint8_t)I2C_IT;
      0001EF 1A 04            [ 1]  453 	or	a, (0x04, sp)
      0001F1 C7 52 1A         [ 1]  454 	ld	0x521a, a
      0001F4 20 0C            [ 2]  455 	jra	00104$
      0001F6                        456 00102$:
                                    457 ;	HAL_I2C.c: 241: I2C->ITR &= (uint8_t)(~(uint8_t)I2C_IT);
      0001F6 88               [ 1]  458 	push	a
      0001F7 7B 05            [ 1]  459 	ld	a, (0x05, sp)
      0001F9 43               [ 1]  460 	cpl	a
      0001FA 6B 02            [ 1]  461 	ld	(0x02, sp), a
      0001FC 84               [ 1]  462 	pop	a
      0001FD 14 01            [ 1]  463 	and	a, (0x01, sp)
      0001FF C7 52 1A         [ 1]  464 	ld	0x521a, a
      000202                        465 00104$:
                                    466 ;	HAL_I2C.c: 243: }
      000202 84               [ 1]  467 	pop	a
      000203 81               [ 4]  468 	ret
                                    469 ;	HAL_I2C.c: 245: void I2C_FastModeDutyCycleConfig(I2C_DutyCycle_TypeDef I2C_DutyCycle)
                                    470 ;	-----------------------------------------
                                    471 ;	 function I2C_FastModeDutyCycleConfig
                                    472 ;	-----------------------------------------
      000204                        473 _I2C_FastModeDutyCycleConfig:
                                    474 ;	HAL_I2C.c: 250: I2C->CCRH |= I2C_CCRH_DUTY;
      000204 C6 52 1C         [ 1]  475 	ld	a, 0x521c
                                    476 ;	HAL_I2C.c: 247: if (I2C_DutyCycle == I2C_DUTYCYCLE_16_9)
      000207 88               [ 1]  477 	push	a
      000208 7B 04            [ 1]  478 	ld	a, (0x04, sp)
      00020A A1 40            [ 1]  479 	cp	a, #0x40
      00020C 84               [ 1]  480 	pop	a
      00020D 26 06            [ 1]  481 	jrne	00102$
                                    482 ;	HAL_I2C.c: 250: I2C->CCRH |= I2C_CCRH_DUTY;
      00020F AA 40            [ 1]  483 	or	a, #0x40
      000211 C7 52 1C         [ 1]  484 	ld	0x521c, a
      000214 81               [ 4]  485 	ret
      000215                        486 00102$:
                                    487 ;	HAL_I2C.c: 255: I2C->CCRH &= (uint8_t)(~I2C_CCRH_DUTY);
      000215 A4 BF            [ 1]  488 	and	a, #0xbf
      000217 C7 52 1C         [ 1]  489 	ld	0x521c, a
                                    490 ;	HAL_I2C.c: 257: }
      00021A 81               [ 4]  491 	ret
                                    492 ;	HAL_I2C.c: 259: uint8_t I2C_ReceiveData(void)
                                    493 ;	-----------------------------------------
                                    494 ;	 function I2C_ReceiveData
                                    495 ;	-----------------------------------------
      00021B                        496 _I2C_ReceiveData:
                                    497 ;	HAL_I2C.c: 262: return ((uint8_t)I2C->DR);
      00021B C6 52 16         [ 1]  498 	ld	a, 0x5216
                                    499 ;	HAL_I2C.c: 263: }
      00021E 81               [ 4]  500 	ret
                                    501 ;	HAL_I2C.c: 265: void I2C_Send7bitAddress(uint8_t Address, I2C_Direction_TypeDef Direction)
                                    502 ;	-----------------------------------------
                                    503 ;	 function I2C_Send7bitAddress
                                    504 ;	-----------------------------------------
      00021F                        505 _I2C_Send7bitAddress:
                                    506 ;	HAL_I2C.c: 268: Address &= (uint8_t)0xFE;
      00021F 04 03            [ 1]  507 	srl	(0x03, sp)
      000221 08 03            [ 1]  508 	sll	(0x03, sp)
                                    509 ;	HAL_I2C.c: 271: I2C->DR = (uint8_t)(Address | (uint8_t)Direction);
      000223 7B 03            [ 1]  510 	ld	a, (0x03, sp)
      000225 1A 04            [ 1]  511 	or	a, (0x04, sp)
      000227 C7 52 16         [ 1]  512 	ld	0x5216, a
                                    513 ;	HAL_I2C.c: 272: }
      00022A 81               [ 4]  514 	ret
                                    515 ;	HAL_I2C.c: 274: void I2C_SendData(uint8_t Data)
                                    516 ;	-----------------------------------------
                                    517 ;	 function I2C_SendData
                                    518 ;	-----------------------------------------
      00022B                        519 _I2C_SendData:
                                    520 ;	HAL_I2C.c: 277: I2C->DR = Data;
      00022B AE 52 16         [ 2]  521 	ldw	x, #0x5216
      00022E 7B 03            [ 1]  522 	ld	a, (0x03, sp)
      000230 F7               [ 1]  523 	ld	(x), a
                                    524 ;	HAL_I2C.c: 278: }
      000231 81               [ 4]  525 	ret
                                    526 ;	HAL_I2C.c: 280: uint8_t I2C_CheckEvent(I2C_Event_TypeDef I2C_Event)
                                    527 ;	-----------------------------------------
                                    528 ;	 function I2C_CheckEvent
                                    529 ;	-----------------------------------------
      000232                        530 _I2C_CheckEvent:
      000232 52 08            [ 2]  531 	sub	sp, #8
                                    532 ;	HAL_I2C.c: 282: volatile uint16_t lastevent = 0x00;
      000234 5F               [ 1]  533 	clrw	x
      000235 1F 01            [ 2]  534 	ldw	(0x01, sp), x
                                    535 ;	HAL_I2C.c: 287: if (I2C_Event == I2C_EVENT_SLAVE_ACK_FAILURE)
      000237 16 0B            [ 2]  536 	ldw	y, (0x0b, sp)
      000239 17 03            [ 2]  537 	ldw	(0x03, sp), y
      00023B 93               [ 1]  538 	ldw	x, y
      00023C A3 00 04         [ 2]  539 	cpw	x, #0x0004
      00023F 26 0B            [ 1]  540 	jrne	00102$
                                    541 ;	HAL_I2C.c: 289: lastevent = I2C->SR2 & I2C_SR2_AF;
      000241 C6 52 18         [ 1]  542 	ld	a, 0x5218
      000244 A4 04            [ 1]  543 	and	a, #0x04
      000246 5F               [ 1]  544 	clrw	x
      000247 97               [ 1]  545 	ld	xl, a
      000248 1F 01            [ 2]  546 	ldw	(0x01, sp), x
      00024A 20 15            [ 2]  547 	jra	00103$
      00024C                        548 00102$:
                                    549 ;	HAL_I2C.c: 293: flag1 = I2C->SR1;
      00024C C6 52 17         [ 1]  550 	ld	a, 0x5217
      00024F 97               [ 1]  551 	ld	xl, a
                                    552 ;	HAL_I2C.c: 294: flag2 = I2C->SR3;
      000250 C6 52 19         [ 1]  553 	ld	a, 0x5219
                                    554 ;	HAL_I2C.c: 295: lastevent = ((uint16_t)((uint16_t)flag2 << (uint16_t)8) | (uint16_t)flag1);
      000253 95               [ 1]  555 	ld	xh, a
      000254 0F 06            [ 1]  556 	clr	(0x06, sp)
      000256 9F               [ 1]  557 	ld	a, xl
      000257 0F 07            [ 1]  558 	clr	(0x07, sp)
      000259 1A 06            [ 1]  559 	or	a, (0x06, sp)
      00025B 02               [ 1]  560 	rlwa	x
      00025C 1A 07            [ 1]  561 	or	a, (0x07, sp)
      00025E 95               [ 1]  562 	ld	xh, a
      00025F 1F 01            [ 2]  563 	ldw	(0x01, sp), x
      000261                        564 00103$:
                                    565 ;	HAL_I2C.c: 298: if (((uint16_t)lastevent & (uint16_t)I2C_Event) == (uint16_t)I2C_Event)
      000261 7B 02            [ 1]  566 	ld	a, (0x02, sp)
      000263 14 04            [ 1]  567 	and	a, (0x04, sp)
      000265 97               [ 1]  568 	ld	xl, a
      000266 7B 01            [ 1]  569 	ld	a, (0x01, sp)
      000268 14 03            [ 1]  570 	and	a, (0x03, sp)
      00026A 95               [ 1]  571 	ld	xh, a
      00026B 13 03            [ 2]  572 	cpw	x, (0x03, sp)
      00026D 26 03            [ 1]  573 	jrne	00105$
                                    574 ;	HAL_I2C.c: 301: status = 1;
      00026F A6 01            [ 1]  575 	ld	a, #0x01
                                    576 ;	HAL_I2C.c: 306: status = 0;
      000271 21                     577 	.byte 0x21
      000272                        578 00105$:
      000272 4F               [ 1]  579 	clr	a
      000273                        580 00106$:
                                    581 ;	HAL_I2C.c: 310: return status;
                                    582 ;	HAL_I2C.c: 311: }
      000273 5B 08            [ 2]  583 	addw	sp, #8
      000275 81               [ 4]  584 	ret
                                    585 ;	HAL_I2C.c: 313: I2C_Event_TypeDef I2C_GetLastEvent(void)
                                    586 ;	-----------------------------------------
                                    587 ;	 function I2C_GetLastEvent
                                    588 ;	-----------------------------------------
      000276                        589 _I2C_GetLastEvent:
      000276 52 04            [ 2]  590 	sub	sp, #4
                                    591 ;	HAL_I2C.c: 315: volatile uint16_t lastevent = 0;
      000278 5F               [ 1]  592 	clrw	x
      000279 1F 01            [ 2]  593 	ldw	(0x01, sp), x
                                    594 ;	HAL_I2C.c: 319: if ((I2C->SR2 & I2C_SR2_AF) != 0x00)
      00027B C6 52 18         [ 1]  595 	ld	a, 0x5218
      00027E A5 04            [ 1]  596 	bcp	a, #0x04
      000280 27 07            [ 1]  597 	jreq	00102$
                                    598 ;	HAL_I2C.c: 321: lastevent = I2C_EVENT_SLAVE_ACK_FAILURE;
      000282 AE 00 04         [ 2]  599 	ldw	x, #0x0004
      000285 1F 01            [ 2]  600 	ldw	(0x01, sp), x
      000287 20 13            [ 2]  601 	jra	00103$
      000289                        602 00102$:
                                    603 ;	HAL_I2C.c: 326: flag1 = I2C->SR1;
      000289 C6 52 17         [ 1]  604 	ld	a, 0x5217
      00028C 5F               [ 1]  605 	clrw	x
      00028D 97               [ 1]  606 	ld	xl, a
      00028E 1F 03            [ 2]  607 	ldw	(0x03, sp), x
                                    608 ;	HAL_I2C.c: 327: flag2 = I2C->SR3;
      000290 C6 52 19         [ 1]  609 	ld	a, 0x5219
                                    610 ;	HAL_I2C.c: 330: lastevent = ((uint16_t)((uint16_t)flag2 << 8) | (uint16_t)flag1);
      000293 95               [ 1]  611 	ld	xh, a
      000294 7B 04            [ 1]  612 	ld	a, (0x04, sp)
      000296 02               [ 1]  613 	rlwa	x
      000297 1A 03            [ 1]  614 	or	a, (0x03, sp)
      000299 95               [ 1]  615 	ld	xh, a
      00029A 1F 01            [ 2]  616 	ldw	(0x01, sp), x
      00029C                        617 00103$:
                                    618 ;	HAL_I2C.c: 333: return (I2C_Event_TypeDef)lastevent;
      00029C 1E 01            [ 2]  619 	ldw	x, (0x01, sp)
                                    620 ;	HAL_I2C.c: 334: }
      00029E 5B 04            [ 2]  621 	addw	sp, #4
      0002A0 81               [ 4]  622 	ret
                                    623 ;	HAL_I2C.c: 336: uint8_t I2C_GetFlagStatus(I2C_Flag_TypeDef I2C_Flag)
                                    624 ;	-----------------------------------------
                                    625 ;	 function I2C_GetFlagStatus
                                    626 ;	-----------------------------------------
      0002A1                        627 _I2C_GetFlagStatus:
      0002A1 88               [ 1]  628 	push	a
                                    629 ;	HAL_I2C.c: 338: uint8_t tempreg = 0;
      0002A2 0F 01            [ 1]  630 	clr	(0x01, sp)
                                    631 ;	HAL_I2C.c: 343: regindex = (uint8_t)((uint16_t)I2C_Flag >> 8);
      0002A4 1E 04            [ 2]  632 	ldw	x, (0x04, sp)
      0002A6 9E               [ 1]  633 	ld	a, xh
      0002A7 5F               [ 1]  634 	clrw	x
                                    635 ;	HAL_I2C.c: 345: switch (regindex)
      0002A8 A1 01            [ 1]  636 	cp	a, #0x01
      0002AA 27 0A            [ 1]  637 	jreq	00101$
      0002AC A1 02            [ 1]  638 	cp	a, #0x02
      0002AE 27 0D            [ 1]  639 	jreq	00102$
      0002B0 A1 03            [ 1]  640 	cp	a, #0x03
      0002B2 27 10            [ 1]  641 	jreq	00103$
      0002B4 20 13            [ 2]  642 	jra	00105$
                                    643 ;	HAL_I2C.c: 348: case 0x01:
      0002B6                        644 00101$:
                                    645 ;	HAL_I2C.c: 349: tempreg = (uint8_t)I2C->SR1;
      0002B6 C6 52 17         [ 1]  646 	ld	a, 0x5217
      0002B9 6B 01            [ 1]  647 	ld	(0x01, sp), a
                                    648 ;	HAL_I2C.c: 350: break;
      0002BB 20 0C            [ 2]  649 	jra	00105$
                                    650 ;	HAL_I2C.c: 353: case 0x02:
      0002BD                        651 00102$:
                                    652 ;	HAL_I2C.c: 354: tempreg = (uint8_t)I2C->SR2;
      0002BD C6 52 18         [ 1]  653 	ld	a, 0x5218
      0002C0 6B 01            [ 1]  654 	ld	(0x01, sp), a
                                    655 ;	HAL_I2C.c: 355: break;
      0002C2 20 05            [ 2]  656 	jra	00105$
                                    657 ;	HAL_I2C.c: 358: case 0x03:
      0002C4                        658 00103$:
                                    659 ;	HAL_I2C.c: 359: tempreg = (uint8_t)I2C->SR3;
      0002C4 C6 52 19         [ 1]  660 	ld	a, 0x5219
      0002C7 6B 01            [ 1]  661 	ld	(0x01, sp), a
                                    662 ;	HAL_I2C.c: 364: }
      0002C9                        663 00105$:
                                    664 ;	HAL_I2C.c: 367: if ((tempreg & (uint8_t)I2C_Flag) != 0)
      0002C9 7B 05            [ 1]  665 	ld	a, (0x05, sp)
      0002CB 14 01            [ 1]  666 	and	a, (0x01, sp)
      0002CD 27 03            [ 1]  667 	jreq	00107$
                                    668 ;	HAL_I2C.c: 370: bitstatus = 1;
      0002CF A6 01            [ 1]  669 	ld	a, #0x01
                                    670 ;	HAL_I2C.c: 375: bitstatus = 0;
      0002D1 21                     671 	.byte 0x21
      0002D2                        672 00107$:
      0002D2 4F               [ 1]  673 	clr	a
      0002D3                        674 00108$:
                                    675 ;	HAL_I2C.c: 378: return bitstatus;
                                    676 ;	HAL_I2C.c: 379: }
      0002D3 5B 01            [ 2]  677 	addw	sp, #1
      0002D5 81               [ 4]  678 	ret
                                    679 ;	HAL_I2C.c: 381: void I2C_ClearFlag(I2C_Flag_TypeDef I2C_FLAG)
                                    680 ;	-----------------------------------------
                                    681 ;	 function I2C_ClearFlag
                                    682 ;	-----------------------------------------
      0002D6                        683 _I2C_ClearFlag:
                                    684 ;	HAL_I2C.c: 385: flagpos = (uint16_t)I2C_FLAG & FLAG_Mask;
      0002D6 1E 03            [ 2]  685 	ldw	x, (0x03, sp)
      0002D8 4F               [ 1]  686 	clr	a
                                    687 ;	HAL_I2C.c: 387: I2C->SR2 = (uint8_t)((uint16_t)(~flagpos));
      0002D9 95               [ 1]  688 	ld	xh, a
      0002DA 53               [ 2]  689 	cplw	x
      0002DB 9F               [ 1]  690 	ld	a, xl
      0002DC C7 52 18         [ 1]  691 	ld	0x5218, a
                                    692 ;	HAL_I2C.c: 388: }
      0002DF 81               [ 4]  693 	ret
                                    694 ;	HAL_I2C.c: 390: uint8_t I2C_GetITStatus(I2C_ITPendingBit_TypeDef I2C_ITPendingBit)
                                    695 ;	-----------------------------------------
                                    696 ;	 function I2C_GetITStatus
                                    697 ;	-----------------------------------------
      0002E0                        698 _I2C_GetITStatus:
      0002E0 52 04            [ 2]  699 	sub	sp, #4
                                    700 ;	HAL_I2C.c: 393: volatile uint8_t enablestatus = 0;
      0002E2 0F 03            [ 1]  701 	clr	(0x03, sp)
                                    702 ;	HAL_I2C.c: 396: tempregister = (uint8_t)(((uint16_t)((uint16_t)I2C_ITPendingBit & ITEN_Mask)) >> 8);
      0002E4 1E 07            [ 2]  703 	ldw	x, (0x07, sp)
      0002E6 0F 02            [ 1]  704 	clr	(0x02, sp)
      0002E8 9E               [ 1]  705 	ld	a, xh
      0002E9 A4 07            [ 1]  706 	and	a, #0x07
      0002EB 6B 04            [ 1]  707 	ld	(0x04, sp), a
                                    708 ;	HAL_I2C.c: 399: enablestatus = (uint8_t)(I2C->ITR & (uint8_t)tempregister);
      0002ED C6 52 1A         [ 1]  709 	ld	a, 0x521a
      0002F0 14 04            [ 1]  710 	and	a, (0x04, sp)
      0002F2 6B 03            [ 1]  711 	ld	(0x03, sp), a
                                    712 ;	HAL_I2C.c: 401: if ((uint16_t)((uint16_t)I2C_ITPendingBit & REGISTER_Mask) == REGISTER_SR1_Index)
      0002F4 4F               [ 1]  713 	clr	a
      0002F5 02               [ 1]  714 	rlwa	x
      0002F6 A4 30            [ 1]  715 	and	a, #0x30
      0002F8 95               [ 1]  716 	ld	xh, a
                                    717 ;	HAL_I2C.c: 404: if (((I2C->SR1 & (uint8_t)I2C_ITPendingBit) != 0) && enablestatus)
      0002F9 7B 08            [ 1]  718 	ld	a, (0x08, sp)
      0002FB 6B 04            [ 1]  719 	ld	(0x04, sp), a
                                    720 ;	HAL_I2C.c: 401: if ((uint16_t)((uint16_t)I2C_ITPendingBit & REGISTER_Mask) == REGISTER_SR1_Index)
      0002FD A3 01 00         [ 2]  721 	cpw	x, #0x0100
      000300 26 12            [ 1]  722 	jrne	00110$
                                    723 ;	HAL_I2C.c: 404: if (((I2C->SR1 & (uint8_t)I2C_ITPendingBit) != 0) && enablestatus)
      000302 C6 52 17         [ 1]  724 	ld	a, 0x5217
      000305 14 04            [ 1]  725 	and	a, (0x04, sp)
      000307 27 08            [ 1]  726 	jreq	00102$
      000309 0D 03            [ 1]  727 	tnz	(0x03, sp)
      00030B 27 04            [ 1]  728 	jreq	00102$
                                    729 ;	HAL_I2C.c: 407: bitstatus = 1;
      00030D A6 01            [ 1]  730 	ld	a, #0x01
      00030F 20 12            [ 2]  731 	jra	00111$
      000311                        732 00102$:
                                    733 ;	HAL_I2C.c: 412: bitstatus = 0;
      000311 4F               [ 1]  734 	clr	a
      000312 20 0F            [ 2]  735 	jra	00111$
      000314                        736 00110$:
                                    737 ;	HAL_I2C.c: 418: if (((I2C->SR2 & (uint8_t)I2C_ITPendingBit) != 0) && enablestatus)
      000314 C6 52 18         [ 1]  738 	ld	a, 0x5218
      000317 14 04            [ 1]  739 	and	a, (0x04, sp)
      000319 27 07            [ 1]  740 	jreq	00106$
      00031B 0D 03            [ 1]  741 	tnz	(0x03, sp)
      00031D 27 03            [ 1]  742 	jreq	00106$
                                    743 ;	HAL_I2C.c: 421: bitstatus = 1;
      00031F A6 01            [ 1]  744 	ld	a, #0x01
                                    745 ;	HAL_I2C.c: 426: bitstatus = 0;
      000321 21                     746 	.byte 0x21
      000322                        747 00106$:
      000322 4F               [ 1]  748 	clr	a
      000323                        749 00111$:
                                    750 ;	HAL_I2C.c: 430: return  bitstatus;
                                    751 ;	HAL_I2C.c: 432: }
      000323 5B 04            [ 2]  752 	addw	sp, #4
      000325 81               [ 4]  753 	ret
                                    754 ;	HAL_I2C.c: 434: void I2C_ClearITPendingBit(I2C_ITPendingBit_TypeDef I2C_ITPendingBit)
                                    755 ;	-----------------------------------------
                                    756 ;	 function I2C_ClearITPendingBit
                                    757 ;	-----------------------------------------
      000326                        758 _I2C_ClearITPendingBit:
                                    759 ;	HAL_I2C.c: 438: flagpos = (uint16_t)I2C_ITPendingBit & FLAG_Mask;
      000326 1E 03            [ 2]  760 	ldw	x, (0x03, sp)
      000328 4F               [ 1]  761 	clr	a
                                    762 ;	HAL_I2C.c: 441: I2C->SR2 = (uint8_t)((uint16_t)~flagpos);
      000329 95               [ 1]  763 	ld	xh, a
      00032A 53               [ 2]  764 	cplw	x
      00032B 9F               [ 1]  765 	ld	a, xl
      00032C C7 52 18         [ 1]  766 	ld	0x5218, a
                                    767 ;	HAL_I2C.c: 442: }
      00032F 81               [ 4]  768 	ret
                                    769 	.area CODE
                                    770 	.area CONST
                                    771 	.area INITIALIZER
                                    772 	.area CABS (ABS)
