                                      1 ;--------------------------------------------------------
                                      2 ; File Created by SDCC : free open source ANSI-C Compiler
                                      3 ; Version 4.0.0 #11528 (MINGW64)
                                      4 ;--------------------------------------------------------
                                      5 	.module main
                                      6 	.optsdcc -mstm8
                                      7 	
                                      8 ;--------------------------------------------------------
                                      9 ; Public variables in this module
                                     10 ;--------------------------------------------------------
                                     11 	.globl _main
                                     12 	.globl _Delay
                                     13 	.globl _I2C_CheckEvent
                                     14 	.globl _I2C_SendData
                                     15 	.globl _I2C_Send7bitAddress
                                     16 	.globl _I2C_GenerateSTOP
                                     17 	.globl _I2C_GenerateSTART
                                     18 	.globl _I2C_Cmd
                                     19 	.globl _I2C_Init
                                     20 	.globl _I2C_DeInit
                                     21 	.globl _GetTimerTick
                                     22 	.globl _SetTimerTick
                                     23 	.globl _CLK_GetClockFreq
                                     24 	.globl _CLK_HSIPrescalerConfig
                                     25 	.globl _CLK_ClockSwitchConfig
                                     26 	.globl _CLK_PeripheralClockConfig
                                     27 	.globl _TIM4_ClearFlag
                                     28 	.globl _TIM4_ITConfig
                                     29 	.globl _TIM4_Cmd
                                     30 	.globl _TIM4_TimeBaseInit
                                     31 ;--------------------------------------------------------
                                     32 ; ram data
                                     33 ;--------------------------------------------------------
                                     34 	.area DATA
                                     35 ;--------------------------------------------------------
                                     36 ; ram data
                                     37 ;--------------------------------------------------------
                                     38 	.area INITIALIZED
                                     39 ;--------------------------------------------------------
                                     40 ; Stack segment in internal ram 
                                     41 ;--------------------------------------------------------
                                     42 	.area	SSEG
      000000                         43 __start__stack:
      000000                         44 	.ds	1
                                     45 
                                     46 ;--------------------------------------------------------
                                     47 ; absolute external ram data
                                     48 ;--------------------------------------------------------
                                     49 	.area DABS (ABS)
                                     50 
                                     51 ; default segment ordering for linker
                                     52 	.area HOME
                                     53 	.area GSINIT
                                     54 	.area GSFINAL
                                     55 	.area CONST
                                     56 	.area INITIALIZER
                                     57 	.area CODE
                                     58 
                                     59 ;--------------------------------------------------------
                                     60 ; interrupt vector 
                                     61 ;--------------------------------------------------------
                                     62 	.area HOME
      000000                         63 __interrupt_vect:
      000000 82v00u00u00             64 	int s_GSINIT ; reset
      000004 82 00 00 00             65 	int 0x000000 ; trap
      000008 82 00 00 00             66 	int 0x000000 ; int0
      00000C 82 00 00 00             67 	int 0x000000 ; int1
      000010 82 00 00 00             68 	int 0x000000 ; int2
      000014 82 00 00 00             69 	int 0x000000 ; int3
      000018 82 00 00 00             70 	int 0x000000 ; int4
      00001C 82 00 00 00             71 	int 0x000000 ; int5
      000020 82 00 00 00             72 	int 0x000000 ; int6
      000024 82 00 00 00             73 	int 0x000000 ; int7
      000028 82 00 00 00             74 	int 0x000000 ; int8
      00002C 82 00 00 00             75 	int 0x000000 ; int9
      000030 82 00 00 00             76 	int 0x000000 ; int10
      000034 82 00 00 00             77 	int 0x000000 ; int11
      000038 82 00 00 00             78 	int 0x000000 ; int12
      00003C 82 00 00 00             79 	int 0x000000 ; int13
      000040 82 00 00 00             80 	int 0x000000 ; int14
      000044 82 00 00 00             81 	int 0x000000 ; int15
      000048 82 00 00 00             82 	int 0x000000 ; int16
      00004C 82 00 00 00             83 	int 0x000000 ; int17
      000050 82 00 00 00             84 	int 0x000000 ; int18
      000054 82 00 00 00             85 	int 0x000000 ; int19
      000058 82 00 00 00             86 	int 0x000000 ; int20
      00005C 82 00 00 00             87 	int 0x000000 ; int21
      000060 82 00 00 00             88 	int 0x000000 ; int22
      000064 82v00u00u00             89 	int _TIM4_UPD_OVF_IRQHandler ; int23
                                     90 ;--------------------------------------------------------
                                     91 ; global & static initialisations
                                     92 ;--------------------------------------------------------
                                     93 	.area HOME
                                     94 	.area GSINIT
                                     95 	.area GSFINAL
                                     96 	.area GSINIT
      000000                         97 __sdcc_gs_init_startup:
      000000                         98 __sdcc_init_data:
                                     99 ; stm8_genXINIT() start
      000000 AEr00r00         [ 2]  100 	ldw x, #l_DATA
      000003 27 07            [ 1]  101 	jreq	00002$
      000005                        102 00001$:
      000005 72 4FuFFuFF      [ 1]  103 	clr (s_DATA - 1, x)
      000009 5A               [ 2]  104 	decw x
      00000A 26 F9            [ 1]  105 	jrne	00001$
      00000C                        106 00002$:
      00000C AEr00r00         [ 2]  107 	ldw	x, #l_INITIALIZER
      00000F 27 09            [ 1]  108 	jreq	00004$
      000011                        109 00003$:
      000011 D6uFFuFF         [ 1]  110 	ld	a, (s_INITIALIZER - 1, x)
      000014 D7uFFuFF         [ 1]  111 	ld	(s_INITIALIZED - 1, x), a
      000017 5A               [ 2]  112 	decw	x
      000018 26 F7            [ 1]  113 	jrne	00003$
      00001A                        114 00004$:
                                    115 ; stm8_genXINIT() end
                                    116 	.area GSFINAL
      000000 CCr00r68         [ 2]  117 	jp	__sdcc_program_startup
                                    118 ;--------------------------------------------------------
                                    119 ; Home
                                    120 ;--------------------------------------------------------
                                    121 	.area HOME
                                    122 	.area HOME
      000068                        123 __sdcc_program_startup:
      000068 CCr00r16         [ 2]  124 	jp	_main
                                    125 ;	return from main will return to caller
                                    126 ;--------------------------------------------------------
                                    127 ; code
                                    128 ;--------------------------------------------------------
                                    129 	.area CODE
                                    130 ;	main.c: 19: void Delay(uint32_t n)
                                    131 ;	-----------------------------------------
                                    132 ;	 function Delay
                                    133 ;	-----------------------------------------
      000000                        134 _Delay:
                                    135 ;	main.c: 21: SetTimerTick(n);
      000000 1E 05            [ 2]  136 	ldw	x, (0x05, sp)
      000002 89               [ 2]  137 	pushw	x
      000003 1E 05            [ 2]  138 	ldw	x, (0x05, sp)
      000005 89               [ 2]  139 	pushw	x
      000006 CDr00r00         [ 4]  140 	call	_SetTimerTick
      000009 5B 04            [ 2]  141 	addw	sp, #4
                                    142 ;	main.c: 22: while(GetTimerTick() != 0);
      00000B                        143 00101$:
      00000B CDr00r00         [ 4]  144 	call	_GetTimerTick
      00000E 5D               [ 2]  145 	tnzw	x
      00000F 26 FA            [ 1]  146 	jrne	00101$
      000011 90 5D            [ 2]  147 	tnzw	y
      000013 26 F6            [ 1]  148 	jrne	00101$
                                    149 ;	main.c: 23: }
      000015 81               [ 4]  150 	ret
                                    151 ;	main.c: 25: uint32_t main(void)
                                    152 ;	-----------------------------------------
                                    153 ;	 function main
                                    154 ;	-----------------------------------------
      000016                        155 _main:
                                    156 ;	main.c: 28: CLK_HSIPrescalerConfig(CLK_PRESCALER_HSIDIV1);
      000016 4B 00            [ 1]  157 	push	#0x00
      000018 CDr00r00         [ 4]  158 	call	_CLK_HSIPrescalerConfig
      00001B 84               [ 1]  159 	pop	a
                                    160 ;	main.c: 29: CLK_ClockSwitchConfig(CLK_SWITCHMODE_AUTO, CLK_SOURCE_HSE, 0, CLK_CURRENTCLOCKSTATE_DISABLE);
      00001C 4B 00            [ 1]  161 	push	#0x00
      00001E 4B 00            [ 1]  162 	push	#0x00
      000020 4B B4            [ 1]  163 	push	#0xb4
      000022 4B 01            [ 1]  164 	push	#0x01
      000024 CDr00r00         [ 4]  165 	call	_CLK_ClockSwitchConfig
      000027 5B 04            [ 2]  166 	addw	sp, #4
                                    167 ;	main.c: 30: CLK_PeripheralClockConfig(CLK_PERIPHERAL_I2C, 1);
      000029 4B 01            [ 1]  168 	push	#0x01
      00002B 4B 00            [ 1]  169 	push	#0x00
      00002D CDr00r00         [ 4]  170 	call	_CLK_PeripheralClockConfig
      000030 5B 02            [ 2]  171 	addw	sp, #2
                                    172 ;	main.c: 31: CLK_PeripheralClockConfig(CLK_PERIPHERAL_TIMER4, 1);
      000032 4B 01            [ 1]  173 	push	#0x01
      000034 4B 04            [ 1]  174 	push	#0x04
      000036 CDr00r00         [ 4]  175 	call	_CLK_PeripheralClockConfig
      000039 5B 02            [ 2]  176 	addw	sp, #2
                                    177 ;	main.c: 34: TIM4_TimeBaseInit(TIM4_PRESCALER_128, TIM4_PERIOD);
      00003B 4B 7C            [ 1]  178 	push	#0x7c
      00003D 4B 07            [ 1]  179 	push	#0x07
      00003F CDr00r00         [ 4]  180 	call	_TIM4_TimeBaseInit
      000042 5B 02            [ 2]  181 	addw	sp, #2
                                    182 ;	main.c: 35: TIM4_ClearFlag(TIM4_FLAG_UPDATE);
      000044 4B 01            [ 1]  183 	push	#0x01
      000046 CDr00r00         [ 4]  184 	call	_TIM4_ClearFlag
      000049 84               [ 1]  185 	pop	a
                                    186 ;	main.c: 36: TIM4_ITConfig(TIM4_IT_UPDATE, 1);
      00004A 4B 01            [ 1]  187 	push	#0x01
      00004C 4B 01            [ 1]  188 	push	#0x01
      00004E CDr00r00         [ 4]  189 	call	_TIM4_ITConfig
      000051 5B 02            [ 2]  190 	addw	sp, #2
                                    191 ;	main.c: 37: TIM4_Cmd(1);
      000053 4B 01            [ 1]  192 	push	#0x01
      000055 CDr00r00         [ 4]  193 	call	_TIM4_Cmd
      000058 84               [ 1]  194 	pop	a
                                    195 ;	main.c: 40: I2C_DeInit();
      000059 CDr00r00         [ 4]  196 	call	_I2C_DeInit
                                    197 ;	main.c: 42: clock = CLK_GetClockFreq() / 1000000;
      00005C CDr00r00         [ 4]  198 	call	_CLK_GetClockFreq
      00005F 4B 40            [ 1]  199 	push	#0x40
      000061 4B 42            [ 1]  200 	push	#0x42
      000063 4B 0F            [ 1]  201 	push	#0x0f
      000065 4B 00            [ 1]  202 	push	#0x00
      000067 89               [ 2]  203 	pushw	x
      000068 90 89            [ 2]  204 	pushw	y
      00006A CDr00r00         [ 4]  205 	call	__divulong
      00006D 5B 08            [ 2]  206 	addw	sp, #8
      00006F 9F               [ 1]  207 	ld	a, xl
                                    208 ;	main.c: 43: I2C_Cmd(1);
      000070 88               [ 1]  209 	push	a
      000071 4B 01            [ 1]  210 	push	#0x01
      000073 CDr00r00         [ 4]  211 	call	_I2C_Cmd
      000076 84               [ 1]  212 	pop	a
      000077 84               [ 1]  213 	pop	a
                                    214 ;	main.c: 45: I2C_Init(I2C_MAX_STANDARD_FREQ, 0x3C, I2C_DUTYCYCLE_2, I2C_ACK_CURR, I2C_ADDMODE_7BIT, clock);
      000078 88               [ 1]  215 	push	a
      000079 4B 00            [ 1]  216 	push	#0x00
      00007B 4B 01            [ 1]  217 	push	#0x01
      00007D 4B 00            [ 1]  218 	push	#0x00
      00007F 4B 3C            [ 1]  219 	push	#0x3c
      000081 4B 00            [ 1]  220 	push	#0x00
      000083 4B A0            [ 1]  221 	push	#0xa0
      000085 4B 86            [ 1]  222 	push	#0x86
      000087 4B 01            [ 1]  223 	push	#0x01
      000089 4B 00            [ 1]  224 	push	#0x00
      00008B CDr00r00         [ 4]  225 	call	_I2C_Init
      00008E 5B 0A            [ 2]  226 	addw	sp, #10
                                    227 ;	main.c: 48: enableInterrupts();
      000090 9A               [ 1]  228 	rim
                                    229 ;	main.c: 50: while(1)
      000091                        230 00111$:
                                    231 ;	main.c: 52: I2C_GenerateSTART(1);
      000091 4B 01            [ 1]  232 	push	#0x01
      000093 CDr00r00         [ 4]  233 	call	_I2C_GenerateSTART
      000096 84               [ 1]  234 	pop	a
                                    235 ;	main.c: 53: while (!I2C_CheckEvent(I2C_EVENT_MASTER_MODE_SELECT));
      000097                        236 00101$:
      000097 4B 01            [ 1]  237 	push	#0x01
      000099 4B 03            [ 1]  238 	push	#0x03
      00009B CDr00r00         [ 4]  239 	call	_I2C_CheckEvent
      00009E 5B 02            [ 2]  240 	addw	sp, #2
      0000A0 4D               [ 1]  241 	tnz	a
      0000A1 27 F4            [ 1]  242 	jreq	00101$
                                    243 ;	main.c: 54: I2C_Send7bitAddress(0x3C, I2C_DIRECTION_TX);
      0000A3 4B 00            [ 1]  244 	push	#0x00
      0000A5 4B 3C            [ 1]  245 	push	#0x3c
      0000A7 CDr00r00         [ 4]  246 	call	_I2C_Send7bitAddress
      0000AA 5B 02            [ 2]  247 	addw	sp, #2
                                    248 ;	main.c: 55: while (!I2C_CheckEvent(I2C_EVENT_MASTER_TRANSMITTER_MODE_SELECTED));
      0000AC                        249 00104$:
      0000AC 4B 82            [ 1]  250 	push	#0x82
      0000AE 4B 07            [ 1]  251 	push	#0x07
      0000B0 CDr00r00         [ 4]  252 	call	_I2C_CheckEvent
      0000B3 5B 02            [ 2]  253 	addw	sp, #2
      0000B5 4D               [ 1]  254 	tnz	a
      0000B6 27 F4            [ 1]  255 	jreq	00104$
                                    256 ;	main.c: 56: I2C_SendData(0x06);
      0000B8 4B 06            [ 1]  257 	push	#0x06
      0000BA CDr00r00         [ 4]  258 	call	_I2C_SendData
      0000BD 84               [ 1]  259 	pop	a
                                    260 ;	main.c: 57: while (!I2C_CheckEvent(I2C_EVENT_MASTER_BYTE_TRANSMITTED));
      0000BE                        261 00107$:
      0000BE 4B 84            [ 1]  262 	push	#0x84
      0000C0 4B 07            [ 1]  263 	push	#0x07
      0000C2 CDr00r00         [ 4]  264 	call	_I2C_CheckEvent
      0000C5 5B 02            [ 2]  265 	addw	sp, #2
      0000C7 4D               [ 1]  266 	tnz	a
      0000C8 27 F4            [ 1]  267 	jreq	00107$
                                    268 ;	main.c: 58: I2C_GenerateSTOP(1);
      0000CA 4B 01            [ 1]  269 	push	#0x01
      0000CC CDr00r00         [ 4]  270 	call	_I2C_GenerateSTOP
      0000CF 84               [ 1]  271 	pop	a
                                    272 ;	main.c: 59: Delay(500);
      0000D0 4B F4            [ 1]  273 	push	#0xf4
      0000D2 4B 01            [ 1]  274 	push	#0x01
      0000D4 5F               [ 1]  275 	clrw	x
      0000D5 89               [ 2]  276 	pushw	x
      0000D6 CDr00r00         [ 4]  277 	call	_Delay
      0000D9 5B 04            [ 2]  278 	addw	sp, #4
      0000DB 20 B4            [ 2]  279 	jra	00111$
                                    280 ;	main.c: 61: }
      0000DD 81               [ 4]  281 	ret
                                    282 	.area CODE
                                    283 	.area CONST
                                    284 	.area INITIALIZER
                                    285 	.area CABS (ABS)
